error: Error sin manejar: [object Promise] reason: TypeError: Cannot read properties of undefined (reading 'status')
error: Error sin manejar: [object Promise] reason: TypeError: Cannot read properties of undefined (reading 'status')
error: Error sin manejar: [object Promise] reason: TypeError: Cannot read properties of undefined (reading 'status')
error: Error sin manejar: [object Promise] reason: TypeError: Cannot read properties of undefined (reading 'status')
error: Error sin manejar: [object Promise] reason: TypeError: Cannot read properties of undefined (reading 'status')
error: Error sin manejar: [object Promise] reason: TypeError: Cannot read properties of undefined (reading 'status')
error: Error sin manejar: [object Promise] reason: TypeError: Cannot read properties of undefined (reading 'status')
error: Error sin manejar: [object Promise] reason: TypeError: Cannot read properties of undefined (reading 'status')
error: Error sin manejar: [object Promise] reason: TypeError: Cannot read properties of undefined (reading 'status')
error: Error sin manejar: [object Promise] reason: TypeError: Cannot read properties of undefined (reading 'status')
error: Error sin manejar: [object Promise] reason: TypeError: Cannot read properties of undefined (reading 'status')
error: Excepción: RealtimeProductsDaoFS is not defined
error: Error sin manejar: [object Promise] reason: TypeError: Cannot read properties of undefined (reading 'status')
error: Error sin manejar: [object Promise] reason: TypeError: Cannot read properties of undefined (reading 'status')
error: Error sin manejar: [object Promise] reason: TypeError: Cannot read properties of undefined (reading 'status')
error: Error sin manejar: [object Promise] reason: TypeError: Cannot read properties of undefined (reading 'status')
error: Excepción: createRealTimeProduct is not defined
error: Error sin manejar: [object Promise] reason: TypeError: Cannot read properties of undefined (reading 'status')
error: Error sin manejar: [object Promise] reason: TypeError: Cannot read properties of undefined (reading 'status')
error: Error sin manejar: [object Promise] reason: TypeError: Cannot read properties of undefined (reading 'status')
error: Error sin manejar: [object Promise] reason: TypeError: Cannot read properties of undefined (reading 'status')
error: Error sin manejar: [object Promise] reason: TypeError: Cannot read properties of undefined (reading 'status')
error: Error sin manejar: [object Promise] reason: TypeError: Cannot read properties of undefined (reading 'status')
error: Error sin manejar: [object Promise] reason: TypeError: Cannot read properties of undefined (reading 'status')
error: Error sin manejar: [object Promise] reason: TypeError: Cannot read properties of undefined (reading 'status')
error: Error sin manejar: [object Promise] reason: TypeError: Cannot read properties of undefined (reading 'status')
error: Error sin manejar: [object Promise] reason: TypeError: Cannot read properties of undefined (reading 'status')
error: Error sin manejar: [object Promise] reason: TypeError: Cannot read properties of undefined (reading 'status')
error: Error sin manejar: [object Promise] reason: TypeError: Cannot read properties of undefined (reading 'status')
error: Error sin manejar: [object Promise] reason: TypeError: Cannot read properties of undefined (reading 'status')
error: Error sin manejar: [object Promise] reason: TypeError: Cannot read properties of undefined (reading 'status')
error: Error sin manejar: [object Promise] reason: TypeError: Cannot read properties of undefined (reading 'status')
error: Error sin manejar: [object Promise] reason: TypeError: Cannot read properties of undefined (reading 'status')
error: Error sin manejar: [object Promise] reason: TypeError: Cannot read properties of undefined (reading 'status')
error: Error sin manejar: [object Promise] reason: TypeError: Cannot read properties of undefined (reading 'status')
error: Error sin manejar: [object Promise] reason: TypeError: Cannot read properties of undefined (reading 'status')
error: Error sin manejar: [object Promise] reason: TypeError: Cannot read properties of undefined (reading 'status')
error: Error sin manejar: [object Promise] reason: TypeError: Cannot read properties of undefined (reading 'status')
error: Error sin manejar: [object Promise] reason: TypeError: Cannot read properties of undefined (reading 'status')
error: Error sin manejar: [object Promise] reason: TypeError: Cannot read properties of undefined (reading 'status')
error: Error sin manejar: [object Promise] reason: TypeError: Cannot read properties of undefined (reading 'status')
error: Error sin manejar: [object Promise] reason: TypeError: Cannot read properties of undefined (reading 'status')
error: Error sin manejar: [object Promise] reason: TypeError: Cannot read properties of undefined (reading 'status')
error: Error sin manejar: [object Promise] reason: TypeError: Cannot read properties of undefined (reading 'status')
error: Error sin manejar: [object Promise] reason: TypeError: Cannot read properties of undefined (reading 'status')
error: Error sin manejar: [object Promise] reason: TypeError: Cannot read properties of undefined (reading 'status')
error: Error sin manejar: [object Promise] reason: TypeError: Cannot read properties of undefined (reading 'status')
error: Error sin manejar: [object Promise] reason: TypeError: Cannot read properties of undefined (reading 'status')
error: Error sin manejar: [object Promise] reason: TypeError: Cannot read properties of undefined (reading 'status')
error: Error sin manejar: [object Promise] reason: TypeError: Cannot read properties of undefined (reading 'status')
error: Error sin manejar: [object Promise] reason: TypeError: Cannot read properties of undefined (reading 'status')
error: Error sin manejar: [object Promise] reason: TypeError: Cannot read properties of undefined (reading 'status')
error: Error sin manejar: [object Promise] reason: TypeError: Cannot read properties of undefined (reading 'status')
error: Error sin manejar: [object Promise] reason: TypeError: Cannot read properties of undefined (reading 'status')
error: Error sin manejar: [object Promise] reason: TypeError: Cannot read properties of undefined (reading 'status')
error: Error sin manejar: [object Promise] reason: TypeError: Cannot read properties of undefined (reading 'status')
error: Error sin manejar: [object Promise] reason: TypeError: Cannot read properties of undefined (reading 'status')
error: Error sin manejar: [object Promise] reason: TypeError: Cannot read properties of undefined (reading 'status')
error: Error sin manejar: [object Promise] reason: TypeError: Cannot read properties of undefined (reading 'status')
error: Error sin manejar: [object Promise] reason: TypeError: Cannot read properties of undefined (reading 'getProducts')
error: Error sin manejar: [object Promise] reason: TypeError: Cannot read properties of undefined (reading 'getProducts')
error: Error sin manejar: [object Promise] reason: TypeError: Cannot read properties of undefined (reading 'getProducts')
error: Error sin manejar: [object Promise] reason: TypeError: Cannot read properties of undefined (reading 'getProducts')
error: Error sin manejar: [object Promise] reason: TypeError: Cannot read properties of undefined (reading 'getProducts')
error: Error sin manejar: [object Promise] reason: TypeError: Cannot read properties of undefined (reading 'getProducts')
error: Error sin manejar: [object Promise] reason: TypeError: Cannot read properties of undefined (reading 'getProducts')
error: Error sin manejar: [object Promise] reason: TypeError: Cannot read properties of undefined (reading 'getProducts')
error: Error sin manejar: [object Promise] reason: TypeError: Cannot read properties of undefined (reading 'getProducts')
error: Error sin manejar: [object Promise] reason: TypeError: Cannot read properties of undefined (reading 'getProducts')
error: Error sin manejar: [object Promise] reason: TypeError: Cannot read properties of undefined (reading 'getProducts')
error: Error sin manejar: [object Promise] reason: TypeError: Cannot read properties of undefined (reading 'getProducts')
error: Error sin manejar: [object Promise] reason: TypeError: Cannot read properties of undefined (reading 'getProducts')
error: Error sin manejar: [object Promise] reason: TypeError: Cannot read properties of undefined (reading 'getProducts')
error: Error sin manejar: [object Promise] reason: TypeError: Cannot read properties of undefined (reading 'getProducts')
error: Error sin manejar: [object Promise] reason: TypeError: Cannot read properties of undefined (reading 'getProducts')
error: Error sin manejar: [object Promise] reason: TypeError: Cannot read properties of undefined (reading 'getProducts')
error: Error sin manejar: [object Promise] reason: TypeError: Cannot read properties of undefined (reading 'getProducts')
error: Error sin manejar: [object Promise] reason: TypeError: Cannot read properties of undefined (reading 'getProducts')
error: Error sin manejar: [object Promise] reason: TypeError: Cannot read properties of undefined (reading 'getProducts')
error: Error sin manejar: [object Promise] reason: TypeError: Cannot read properties of undefined (reading 'getProducts')
error: Error sin manejar: [object Promise] reason: TypeError: Cannot read properties of undefined (reading 'getProducts')
error: Error sin manejar: [object Promise] reason: TypeError: Cannot read properties of undefined (reading 'getProducts')
error: Error sin manejar: [object Promise] reason: TypeError: Cannot read properties of undefined (reading 'getProducts')
error: Error al intentar desloguearse: Usuario no encontrado {"stack":"Error: Usuario no encontrado\n    at Object.logoutUser (file:///G:/3_PROGRAMACION/Z_CODING/CODERHOUSE/Programacion%20Backend/ENTREGAS/PROYECTO%20FINAL/ENTREGA%20PROYECTO%20FINAL/eCommerce-CODER-Ziegler/src/service/sessionsService.js:51:29)\n    at process.processTicksAndRejections (node:internal/process/task_queues:95:5)\n    at async logoutUser (file:///G:/3_PROGRAMACION/Z_CODING/CODERHOUSE/Programacion%20Backend/ENTREGAS/PROYECTO%20FINAL/ENTREGA%20PROYECTO%20FINAL/eCommerce-CODER-Ziegler/src/controller/sessionsController.js:41:7)"}
error: Error al intentar desloguearse: Usuario no encontrado {"stack":"Error: Usuario no encontrado\n    at Object.logoutUser (file:///G:/3_PROGRAMACION/Z_CODING/CODERHOUSE/Programacion%20Backend/ENTREGAS/PROYECTO%20FINAL/ENTREGA%20PROYECTO%20FINAL/eCommerce-CODER-Ziegler/src/service/sessionsService.js:51:29)\n    at process.processTicksAndRejections (node:internal/process/task_queues:95:5)\n    at async logoutUser (file:///G:/3_PROGRAMACION/Z_CODING/CODERHOUSE/Programacion%20Backend/ENTREGAS/PROYECTO%20FINAL/ENTREGA%20PROYECTO%20FINAL/eCommerce-CODER-Ziegler/src/controller/sessionsController.js:41:7)"}
error: Error al intentar desloguearse: Usuario no encontrado {"stack":"Error: Usuario no encontrado\n    at Object.logoutUser (file:///G:/3_PROGRAMACION/Z_CODING/CODERHOUSE/Programacion%20Backend/ENTREGAS/PROYECTO%20FINAL/ENTREGA%20PROYECTO%20FINAL/eCommerce-CODER-Ziegler/src/service/sessionsService.js:51:29)\n    at process.processTicksAndRejections (node:internal/process/task_queues:95:5)\n    at async logoutUser (file:///G:/3_PROGRAMACION/Z_CODING/CODERHOUSE/Programacion%20Backend/ENTREGAS/PROYECTO%20FINAL/ENTREGA%20PROYECTO%20FINAL/eCommerce-CODER-Ziegler/src/controller/sessionsController.js:41:7)"}
error: Error al intentar desloguearse: Cannot read properties of null (reading '_id') {"stack":"TypeError: Cannot read properties of null (reading '_id')\n    at Object.logoutUser (file:///G:/3_PROGRAMACION/Z_CODING/CODERHOUSE/Programacion%20Backend/ENTREGAS/PROYECTO%20FINAL/ENTREGA%20PROYECTO%20FINAL/eCommerce-CODER-Ziegler/src/service/sessionsService.js:53:67)\n    at process.processTicksAndRejections (node:internal/process/task_queues:95:5)\n    at async logoutUser (file:///G:/3_PROGRAMACION/Z_CODING/CODERHOUSE/Programacion%20Backend/ENTREGAS/PROYECTO%20FINAL/ENTREGA%20PROYECTO%20FINAL/eCommerce-CODER-Ziegler/src/controller/sessionsController.js:41:7)"}
error: Error sin manejar: [object Promise] reason: TypeError: Cannot read properties of undefined (reading 'getProducts')
error: Error sin manejar: [object Promise] reason: TypeError: Cannot read properties of undefined (reading 'getProducts')
error: Error sin manejar: [object Promise] reason: TypeError: Cannot read properties of undefined (reading 'getProducts')
error: Error sin manejar: [object Promise] reason: TypeError: Cannot read properties of undefined (reading 'getProducts')
error: Error sin manejar: [object Promise] reason: TypeError: Cannot read properties of undefined (reading 'getProducts')
error: Error sin manejar: [object Promise] reason: TypeError: Cannot read properties of undefined (reading 'getProducts')
error: Error sin manejar: [object Promise] reason: TypeError: Cannot read properties of undefined (reading 'getProducts')
error: Error sin manejar: [object Promise] reason: TypeError: Cannot read properties of undefined (reading 'getProducts')
error: Error sin manejar: [object Promise] reason: TypeError: Cannot read properties of undefined (reading 'getProducts')
error: Error sin manejar: [object Promise] reason: TypeError: Cannot read properties of undefined (reading 'getProducts')
error: Error sin manejar: [object Promise] reason: TypeError: Cannot read properties of undefined (reading 'getProducts')
error: Error sin manejar: [object Promise] reason: TypeError: Cannot read properties of undefined (reading 'getProducts')
error: Error sin manejar: [object Promise] reason: TypeError: Cannot read properties of undefined (reading 'getProducts')
error: Error sin manejar: [object Promise] reason: TypeError: Cannot read properties of undefined (reading 'getProducts')
error: Error sin manejar: [object Promise] reason: TypeError: Cannot read properties of undefined (reading 'getProducts')
error: Error sin manejar: [object Promise] reason: TypeError: getProducts is not a function
error: Error sin manejar: [object Promise] reason: TypeError: getProducts is not a function
error: Error sin manejar: [object Promise] reason: TypeError: getProducts is not a function
error: Error sin manejar: [object Promise] reason: TypeError: getProducts is not a function
error: Error sin manejar: [object Promise] reason: TypeError: getProducts is not a function
error: Error sin manejar: [object Promise] reason: TypeError: getProducts is not a function
error: Error sin manejar: [object Promise] reason: TypeError: Cannot read properties of undefined (reading 'getProducts')
error: Error sin manejar: [object Promise] reason: TypeError: Cannot read properties of undefined (reading 'getProducts')
error: Error sin manejar: [object Promise] reason: TypeError: Cannot read properties of undefined (reading 'getProducts')
error: Error sin manejar: [object Promise] reason: TypeError: Cannot read properties of undefined (reading 'getProducts')
error: Error sin manejar: [object Promise] reason: TypeError: ProductService.getProducts is not a function
error: Error sin manejar: [object Promise] reason: TypeError: ProductService.getProducts is not a function
error: Error sin manejar: [object Promise] reason: TypeError: Cannot read properties of undefined (reading 'getProducts')
error: Excepción: realTimeProductsService is not a constructor
error: Error sin manejar: [object Promise] reason: TypeError: Cannot read properties of undefined (reading 'productRepository')
error: Error sin manejar: [object Promise] reason: TypeError: Cannot read properties of undefined (reading 'productRepository')
error: Error sin manejar: [object Promise] reason: TypeError: Cannot read properties of undefined (reading 'productRepository')
error: Error sin manejar: [object Promise] reason: TypeError: Cannot read properties of undefined (reading 'productRepository')
error: Error sin manejar: [object Promise] reason: TypeError: Cannot read properties of undefined (reading 'productRepository')
error: Error sin manejar: [object Promise] reason: TypeError: Cannot read properties of undefined (reading 'productRepository')
error: Error sin manejar: [object Promise] reason: TypeError: Cannot read properties of undefined (reading 'productRepository')
error: Error sin manejar: [object Promise] reason: TypeError: Cannot read properties of undefined (reading 'productRepository')
error: Error sin manejar: [object Promise] reason: TypeError: Cannot read properties of undefined (reading 'getProducts')
error: Error sin manejar: [object Promise] reason: TypeError: Cannot read properties of undefined (reading 'getProducts')
error: Error sin manejar: [object Promise] reason: ReferenceError: find is not defined
error: Error creating product: No se pudo crear el producto: Error al crear el producto: Error al crear el producto, campos faltantes o inválidos {"cause":"Propiedades del producto ingresado incompletas o no validas.\n    Propiedades requeridas:\n    * title:        REQUERIDO - Tiene que ser un string, se recibió --> undefined\n    * description:  REQUERIDO - Tiene que ser un string, se recibió --> undefined\n    * price:        REQUERIDO - Tiene que ser un número, se recibió --> undefined\n    * stock:        REQUERIDO - Tiene que ser un número, se recibió --> undefined\n    * code:         REQUERIDO - Tiene que ser un string, se recibió --> undefined\n    * category:     REQUERIDO - Tiene que ser un string, se recibió --> undefined\n    ","code":4,"name":"Error al crear el producto","stack":"Error al crear el producto: No se pudo crear el producto: Error al crear el producto: Error al crear el producto, campos faltantes o inválidos\n    at CustomError.createError (file:///G:/3_PROGRAMACION/Z_CODING/CODERHOUSE/Programacion%20Backend/ENTREGAS/PROYECTO%20FINAL/ENTREGA%20PROYECTO%20FINAL/eCommerce-CODER-Ziegler/src/service/errors/CustomError.js:3:23)\n    at createProduct (file:///G:/3_PROGRAMACION/Z_CODING/CODERHOUSE/Programacion%20Backend/ENTREGAS/PROYECTO%20FINAL/ENTREGA%20PROYECTO%20FINAL/eCommerce-CODER-Ziegler/src/service/productService.js:38:31)\n    at Socket.<anonymous> (file:///G:/3_PROGRAMACION/Z_CODING/CODERHOUSE/Programacion%20Backend/ENTREGAS/PROYECTO%20FINAL/ENTREGA%20PROYECTO%20FINAL/eCommerce-CODER-Ziegler/src/utils/realTimeProductsSocketIO.js:25:44)\n    at Socket.emit (node:events:519:28)\n    at Socket.emitUntyped (G:\\3_PROGRAMACION\\Z_CODING\\CODERHOUSE\\Programacion Backend\\ENTREGAS\\PROYECTO FINAL\\ENTREGA PROYECTO FINAL\\eCommerce-CODER-Ziegler\\node_modules\\socket.io\\dist\\typed-events.js:69:22)\n    at G:\\3_PROGRAMACION\\Z_CODING\\CODERHOUSE\\Programacion Backend\\ENTREGAS\\PROYECTO FINAL\\ENTREGA PROYECTO FINAL\\eCommerce-CODER-Ziegler\\node_modules\\socket.io\\dist\\socket.js:704:39\n    at process.processTicksAndRejections (node:internal/process/task_queues:77:11)"}
error: Error creating product: First argument to `Model` constructor must be an object, **not** a string. Make sure you're calling `mongoose.model()`, not `mongoose.Model()`. {"stack":"TypeError: First argument to `Model` constructor must be an object, **not** a string. Make sure you're calling `mongoose.model()`, not `mongoose.Model()`.\n    at model.Model (G:\\3_PROGRAMACION\\Z_CODING\\CODERHOUSE\\Programacion Backend\\ENTREGAS\\PROYECTO FINAL\\ENTREGA PROYECTO FINAL\\eCommerce-CODER-Ziegler\\node_modules\\mongoose\\lib\\model.js:127:11)\n    at new model (G:\\3_PROGRAMACION\\Z_CODING\\CODERHOUSE\\Programacion Backend\\ENTREGAS\\PROYECTO FINAL\\ENTREGA PROYECTO FINAL\\eCommerce-CODER-Ziegler\\node_modules\\mongoose\\lib\\model.js:4819:15)\n    at G:\\3_PROGRAMACION\\Z_CODING\\CODERHOUSE\\Programacion Backend\\ENTREGAS\\PROYECTO FINAL\\ENTREGA PROYECTO FINAL\\eCommerce-CODER-Ziegler\\node_modules\\mongoose\\lib\\model.js:2958:20\n    at Array.map (<anonymous>)\n    at Function.create (G:\\3_PROGRAMACION\\Z_CODING\\CODERHOUSE\\Programacion Backend\\ENTREGAS\\PROYECTO FINAL\\ENTREGA PROYECTO FINAL\\eCommerce-CODER-Ziegler\\node_modules\\mongoose\\lib\\model.js:2946:34)\n    at Socket.<anonymous> (file:///G:/3_PROGRAMACION/Z_CODING/CODERHOUSE/Programacion%20Backend/ENTREGAS/PROYECTO%20FINAL/ENTREGA%20PROYECTO%20FINAL/eCommerce-CODER-Ziegler/src/utils/realTimeProductsSocketIO.js:25:58)\n    at Socket.emit (node:events:519:28)\n    at Socket.emitUntyped (G:\\3_PROGRAMACION\\Z_CODING\\CODERHOUSE\\Programacion Backend\\ENTREGAS\\PROYECTO FINAL\\ENTREGA PROYECTO FINAL\\eCommerce-CODER-Ziegler\\node_modules\\socket.io\\dist\\typed-events.js:69:22)\n    at G:\\3_PROGRAMACION\\Z_CODING\\CODERHOUSE\\Programacion Backend\\ENTREGAS\\PROYECTO FINAL\\ENTREGA PROYECTO FINAL\\eCommerce-CODER-Ziegler\\node_modules\\socket.io\\dist\\socket.js:704:39\n    at process.processTicksAndRejections (node:internal/process/task_queues:77:11)"}
error: Error creating product: First argument to `Model` constructor must be an object, **not** a string. Make sure you're calling `mongoose.model()`, not `mongoose.Model()`. {"stack":"TypeError: First argument to `Model` constructor must be an object, **not** a string. Make sure you're calling `mongoose.model()`, not `mongoose.Model()`.\n    at model.Model (G:\\3_PROGRAMACION\\Z_CODING\\CODERHOUSE\\Programacion Backend\\ENTREGAS\\PROYECTO FINAL\\ENTREGA PROYECTO FINAL\\eCommerce-CODER-Ziegler\\node_modules\\mongoose\\lib\\model.js:127:11)\n    at new model (G:\\3_PROGRAMACION\\Z_CODING\\CODERHOUSE\\Programacion Backend\\ENTREGAS\\PROYECTO FINAL\\ENTREGA PROYECTO FINAL\\eCommerce-CODER-Ziegler\\node_modules\\mongoose\\lib\\model.js:4819:15)\n    at G:\\3_PROGRAMACION\\Z_CODING\\CODERHOUSE\\Programacion Backend\\ENTREGAS\\PROYECTO FINAL\\ENTREGA PROYECTO FINAL\\eCommerce-CODER-Ziegler\\node_modules\\mongoose\\lib\\model.js:2958:20\n    at Array.map (<anonymous>)\n    at Function.create (G:\\3_PROGRAMACION\\Z_CODING\\CODERHOUSE\\Programacion Backend\\ENTREGAS\\PROYECTO FINAL\\ENTREGA PROYECTO FINAL\\eCommerce-CODER-Ziegler\\node_modules\\mongoose\\lib\\model.js:2946:34)\n    at Socket.<anonymous> (file:///G:/3_PROGRAMACION/Z_CODING/CODERHOUSE/Programacion%20Backend/ENTREGAS/PROYECTO%20FINAL/ENTREGA%20PROYECTO%20FINAL/eCommerce-CODER-Ziegler/src/utils/realTimeProductsSocketIO.js:25:58)\n    at Socket.emit (node:events:519:28)\n    at Socket.emitUntyped (G:\\3_PROGRAMACION\\Z_CODING\\CODERHOUSE\\Programacion Backend\\ENTREGAS\\PROYECTO FINAL\\ENTREGA PROYECTO FINAL\\eCommerce-CODER-Ziegler\\node_modules\\socket.io\\dist\\typed-events.js:69:22)\n    at G:\\3_PROGRAMACION\\Z_CODING\\CODERHOUSE\\Programacion Backend\\ENTREGAS\\PROYECTO FINAL\\ENTREGA PROYECTO FINAL\\eCommerce-CODER-Ziegler\\node_modules\\socket.io\\dist\\socket.js:704:39\n    at process.processTicksAndRejections (node:internal/process/task_queues:77:11)"}
error: Error creating product: First argument to `Model` constructor must be an object, **not** a string. Make sure you're calling `mongoose.model()`, not `mongoose.Model()`. {"stack":"TypeError: First argument to `Model` constructor must be an object, **not** a string. Make sure you're calling `mongoose.model()`, not `mongoose.Model()`.\n    at model.Model (G:\\3_PROGRAMACION\\Z_CODING\\CODERHOUSE\\Programacion Backend\\ENTREGAS\\PROYECTO FINAL\\ENTREGA PROYECTO FINAL\\eCommerce-CODER-Ziegler\\node_modules\\mongoose\\lib\\model.js:127:11)\n    at new model (G:\\3_PROGRAMACION\\Z_CODING\\CODERHOUSE\\Programacion Backend\\ENTREGAS\\PROYECTO FINAL\\ENTREGA PROYECTO FINAL\\eCommerce-CODER-Ziegler\\node_modules\\mongoose\\lib\\model.js:4819:15)\n    at G:\\3_PROGRAMACION\\Z_CODING\\CODERHOUSE\\Programacion Backend\\ENTREGAS\\PROYECTO FINAL\\ENTREGA PROYECTO FINAL\\eCommerce-CODER-Ziegler\\node_modules\\mongoose\\lib\\model.js:2958:20\n    at Array.map (<anonymous>)\n    at Function.create (G:\\3_PROGRAMACION\\Z_CODING\\CODERHOUSE\\Programacion Backend\\ENTREGAS\\PROYECTO FINAL\\ENTREGA PROYECTO FINAL\\eCommerce-CODER-Ziegler\\node_modules\\mongoose\\lib\\model.js:2946:34)\n    at Socket.<anonymous> (file:///G:/3_PROGRAMACION/Z_CODING/CODERHOUSE/Programacion%20Backend/ENTREGAS/PROYECTO%20FINAL/ENTREGA%20PROYECTO%20FINAL/eCommerce-CODER-Ziegler/src/utils/realTimeProductsSocketIO.js:25:58)\n    at Socket.emit (node:events:519:28)\n    at Socket.emitUntyped (G:\\3_PROGRAMACION\\Z_CODING\\CODERHOUSE\\Programacion Backend\\ENTREGAS\\PROYECTO FINAL\\ENTREGA PROYECTO FINAL\\eCommerce-CODER-Ziegler\\node_modules\\socket.io\\dist\\typed-events.js:69:22)\n    at G:\\3_PROGRAMACION\\Z_CODING\\CODERHOUSE\\Programacion Backend\\ENTREGAS\\PROYECTO FINAL\\ENTREGA PROYECTO FINAL\\eCommerce-CODER-Ziegler\\node_modules\\socket.io\\dist\\socket.js:704:39\n    at process.processTicksAndRejections (node:internal/process/task_queues:77:11)"}
error: Error creating product: responseData is not defined {"stack":"ReferenceError: responseData is not defined\n    at Socket.<anonymous> (file:///G:/3_PROGRAMACION/Z_CODING/CODERHOUSE/Programacion%20Backend/ENTREGAS/PROYECTO%20FINAL/ENTREGA%20PROYECTO%20FINAL/eCommerce-CODER-Ziegler/src/utils/realTimeProductsSocketIO.js:36:29)\n    at process.processTicksAndRejections (node:internal/process/task_queues:95:5)"}
error: Error creating product: E11000 duplicate key error collection: ecommerce.products index: code_1 dup key: { code: "Código Prueba 01" } {"code":11000,"errorResponse":{"code":11000,"errmsg":"E11000 duplicate key error collection: ecommerce.products index: code_1 dup key: { code: \"Código Prueba 01\" }","index":0,"keyPattern":{"code":1},"keyValue":{"code":"Código Prueba 01"}},"index":0,"keyPattern":{"code":1},"keyValue":{"code":"Código Prueba 01"},"stack":"MongoServerError: E11000 duplicate key error collection: ecommerce.products index: code_1 dup key: { code: \"Código Prueba 01\" }\n    at InsertOneOperation.execute (G:\\3_PROGRAMACION\\Z_CODING\\CODERHOUSE\\Programacion Backend\\ENTREGAS\\PROYECTO FINAL\\ENTREGA PROYECTO FINAL\\eCommerce-CODER-Ziegler\\node_modules\\mongodb\\lib\\operations\\insert.js:51:19)\n    at process.processTicksAndRejections (node:internal/process/task_queues:95:5)\n    at async executeOperation (G:\\3_PROGRAMACION\\Z_CODING\\CODERHOUSE\\Programacion Backend\\ENTREGAS\\PROYECTO FINAL\\ENTREGA PROYECTO FINAL\\eCommerce-CODER-Ziegler\\node_modules\\mongodb\\lib\\operations\\execute_operation.js:126:16)"}
error: Error creating product: productsModel is not defined {"stack":"ReferenceError: productsModel is not defined\n    at Socket.<anonymous> (file:///G:/3_PROGRAMACION/Z_CODING/CODERHOUSE/Programacion%20Backend/ENTREGAS/PROYECTO%20FINAL/ENTREGA%20PROYECTO%20FINAL/eCommerce-CODER-Ziegler/src/utils/realTimeProductsSocketIO.js:97:17)\n    at Socket.emit (node:events:519:28)\n    at Socket.emitUntyped (G:\\3_PROGRAMACION\\Z_CODING\\CODERHOUSE\\Programacion Backend\\ENTREGAS\\PROYECTO FINAL\\ENTREGA PROYECTO FINAL\\eCommerce-CODER-Ziegler\\node_modules\\socket.io\\dist\\typed-events.js:69:22)\n    at G:\\3_PROGRAMACION\\Z_CODING\\CODERHOUSE\\Programacion Backend\\ENTREGAS\\PROYECTO FINAL\\ENTREGA PROYECTO FINAL\\eCommerce-CODER-Ziegler\\node_modules\\socket.io\\dist\\socket.js:704:39\n    at process.processTicksAndRejections (node:internal/process/task_queues:77:11)"}
error: Error creating product: this.getAll is not a function {"stack":"TypeError: this.getAll is not a function\n    at RealTimeProductsService.createProduct (file:///G:/3_PROGRAMACION/Z_CODING/CODERHOUSE/Programacion%20Backend/ENTREGAS/PROYECTO%20FINAL/ENTREGA%20PROYECTO%20FINAL/eCommerce-CODER-Ziegler/src/service/realTimeProductService.js:9:37)\n    at Socket.<anonymous> (file:///G:/3_PROGRAMACION/Z_CODING/CODERHOUSE/Programacion%20Backend/ENTREGAS/PROYECTO%20FINAL/ENTREGA%20PROYECTO%20FINAL/eCommerce-CODER-Ziegler/src/utils/realTimeProductsSocketIO.js:97:47)\n    at Socket.emit (node:events:519:28)\n    at Socket.emitUntyped (G:\\3_PROGRAMACION\\Z_CODING\\CODERHOUSE\\Programacion Backend\\ENTREGAS\\PROYECTO FINAL\\ENTREGA PROYECTO FINAL\\eCommerce-CODER-Ziegler\\node_modules\\socket.io\\dist\\typed-events.js:69:22)\n    at G:\\3_PROGRAMACION\\Z_CODING\\CODERHOUSE\\Programacion Backend\\ENTREGAS\\PROYECTO FINAL\\ENTREGA PROYECTO FINAL\\eCommerce-CODER-Ziegler\\node_modules\\socket.io\\dist\\socket.js:704:39\n    at process.processTicksAndRejections (node:internal/process/task_queues:77:11)"}
error: Error creating product: Faltan campos {"stack":"Error: Faltan campos\n    at RealTimeProductsService.createProduct (file:///G:/3_PROGRAMACION/Z_CODING/CODERHOUSE/Programacion%20Backend/ENTREGAS/PROYECTO%20FINAL/ENTREGA%20PROYECTO%20FINAL/eCommerce-CODER-Ziegler/src/service/realTimeProductService.js:12:19)\n    at process.processTicksAndRejections (node:internal/process/task_queues:95:5)\n    at async Socket.<anonymous> (file:///G:/3_PROGRAMACION/Z_CODING/CODERHOUSE/Programacion%20Backend/ENTREGAS/PROYECTO%20FINAL/ENTREGA%20PROYECTO%20FINAL/eCommerce-CODER-Ziegler/src/utils/realTimeProductsSocketIO.js:97:17)"}
error: Error creating product: products.find is not a function {"stack":"TypeError: products.find is not a function\n    at RealTimeProductsService.createProduct (file:///G:/3_PROGRAMACION/Z_CODING/CODERHOUSE/Programacion%20Backend/ENTREGAS/PROYECTO%20FINAL/ENTREGA%20PROYECTO%20FINAL/eCommerce-CODER-Ziegler/src/service/realTimeProductService.js:15:22)\n    at process.processTicksAndRejections (node:internal/process/task_queues:95:5)\n    at async Socket.<anonymous> (file:///G:/3_PROGRAMACION/Z_CODING/CODERHOUSE/Programacion%20Backend/ENTREGAS/PROYECTO%20FINAL/ENTREGA%20PROYECTO%20FINAL/eCommerce-CODER-Ziegler/src/utils/realTimeProductsSocketIO.js:87:38)"}
error: Error creating product: logger is not defined {"stack":"ReferenceError: logger is not defined\n    at RealTimeProductsService.createProduct (file:///G:/3_PROGRAMACION/Z_CODING/CODERHOUSE/Programacion%20Backend/ENTREGAS/PROYECTO%20FINAL/ENTREGA%20PROYECTO%20FINAL/eCommerce-CODER-Ziegler/src/service/realTimeProductService.js:10:9)\n    at process.processTicksAndRejections (node:internal/process/task_queues:95:5)\n    at async Socket.<anonymous> (file:///G:/3_PROGRAMACION/Z_CODING/CODERHOUSE/Programacion%20Backend/ENTREGAS/PROYECTO%20FINAL/ENTREGA%20PROYECTO%20FINAL/eCommerce-CODER-Ziegler/src/utils/realTimeProductsSocketIO.js:87:38)"}
error: Error creating product: products.find is not a function {"stack":"TypeError: products.find is not a function\n    at RealTimeProductsService.createProduct (file:///G:/3_PROGRAMACION/Z_CODING/CODERHOUSE/Programacion%20Backend/ENTREGAS/PROYECTO%20FINAL/ENTREGA%20PROYECTO%20FINAL/eCommerce-CODER-Ziegler/src/service/realTimeProductService.js:17:22)\n    at process.processTicksAndRejections (node:internal/process/task_queues:95:5)\n    at async Socket.<anonymous> (file:///G:/3_PROGRAMACION/Z_CODING/CODERHOUSE/Programacion%20Backend/ENTREGAS/PROYECTO%20FINAL/ENTREGA%20PROYECTO%20FINAL/eCommerce-CODER-Ziegler/src/utils/realTimeProductsSocketIO.js:87:38)"}
error: Error creating product: products.find is not a function {"stack":"TypeError: products.find is not a function\n    at RealTimeProductsService.createProduct (file:///G:/3_PROGRAMACION/Z_CODING/CODERHOUSE/Programacion%20Backend/ENTREGAS/PROYECTO%20FINAL/ENTREGA%20PROYECTO%20FINAL/eCommerce-CODER-Ziegler/src/service/realTimeProductService.js:17:22)\n    at process.processTicksAndRejections (node:internal/process/task_queues:95:5)\n    at async Socket.<anonymous> (file:///G:/3_PROGRAMACION/Z_CODING/CODERHOUSE/Programacion%20Backend/ENTREGAS/PROYECTO%20FINAL/ENTREGA%20PROYECTO%20FINAL/eCommerce-CODER-Ziegler/src/utils/realTimeProductsSocketIO.js:87:38)"}
error: Error creating product: Cannot read properties of undefined (reading 'role') {"stack":"TypeError: Cannot read properties of undefined (reading 'role')\n    at RealTimeProductsService.createProduct (file:///G:/3_PROGRAMACION/Z_CODING/CODERHOUSE/Programacion%20Backend/ENTREGAS/PROYECTO%20FINAL/ENTREGA%20PROYECTO%20FINAL/eCommerce-CODER-Ziegler/src/service/realTimeProductService.js:32:33)\n    at process.processTicksAndRejections (node:internal/process/task_queues:95:5)\n    at async Socket.<anonymous> (file:///G:/3_PROGRAMACION/Z_CODING/CODERHOUSE/Programacion%20Backend/ENTREGAS/PROYECTO%20FINAL/ENTREGA%20PROYECTO%20FINAL/eCommerce-CODER-Ziegler/src/utils/realTimeProductsSocketIO.js:87:38)"}
error: Excepción: userService is not defined
error: Excepción: userService is not defined
error: Error creating product: Faltan campos {"stack":"Error: Faltan campos\n    at RealTimeProductsService.createProduct (file:///G:/3_PROGRAMACION/Z_CODING/CODERHOUSE/Programacion%20Backend/ENTREGAS/PROYECTO%20FINAL/ENTREGA%20PROYECTO%20FINAL/eCommerce-CODER-Ziegler/src/service/realTimeProductService.js:15:19)\n    at process.processTicksAndRejections (node:internal/process/task_queues:95:5)\n    at async Socket.<anonymous> (file:///G:/3_PROGRAMACION/Z_CODING/CODERHOUSE/Programacion%20Backend/ENTREGAS/PROYECTO%20FINAL/ENTREGA%20PROYECTO%20FINAL/eCommerce-CODER-Ziegler/src/utils/realTimeProductsSocketIO.js:87:38)"}
error: Error creating product: Faltan campos {"stack":"Error: Faltan campos\n    at RealTimeProductsService.createProduct (file:///G:/3_PROGRAMACION/Z_CODING/CODERHOUSE/Programacion%20Backend/ENTREGAS/PROYECTO%20FINAL/ENTREGA%20PROYECTO%20FINAL/eCommerce-CODER-Ziegler/src/service/realTimeProductService.js:15:19)\n    at process.processTicksAndRejections (node:internal/process/task_queues:95:5)\n    at async Socket.<anonymous> (file:///G:/3_PROGRAMACION/Z_CODING/CODERHOUSE/Programacion%20Backend/ENTREGAS/PROYECTO%20FINAL/ENTREGA%20PROYECTO%20FINAL/eCommerce-CODER-Ziegler/src/utils/realTimeProductsSocketIO.js:87:38)"}
error: Error creating product: Faltan campos {"stack":"Error: Faltan campos\n    at RealTimeProductsService.createProduct (file:///G:/3_PROGRAMACION/Z_CODING/CODERHOUSE/Programacion%20Backend/ENTREGAS/PROYECTO%20FINAL/ENTREGA%20PROYECTO%20FINAL/eCommerce-CODER-Ziegler/src/service/realTimeProductService.js:15:19)\n    at process.processTicksAndRejections (node:internal/process/task_queues:95:5)\n    at async Socket.<anonymous> (file:///G:/3_PROGRAMACION/Z_CODING/CODERHOUSE/Programacion%20Backend/ENTREGAS/PROYECTO%20FINAL/ENTREGA%20PROYECTO%20FINAL/eCommerce-CODER-Ziegler/src/utils/realTimeProductsSocketIO.js:87:38)"}
error: Error al crear el producto: Faltan campos {"stack":"Error: Faltan campos\n    at RealTimeProductsService.createProduct (file:///G:/3_PROGRAMACION/Z_CODING/CODERHOUSE/Programacion%20Backend/ENTREGAS/PROYECTO%20FINAL/ENTREGA%20PROYECTO%20FINAL/eCommerce-CODER-Ziegler/src/service/realTimeProductService.js:15:19)\n    at process.processTicksAndRejections (node:internal/process/task_queues:95:5)\n    at async Socket.<anonymous> (file:///G:/3_PROGRAMACION/Z_CODING/CODERHOUSE/Programacion%20Backend/ENTREGAS/PROYECTO%20FINAL/ENTREGA%20PROYECTO%20FINAL/eCommerce-CODER-Ziegler/src/utils/realTimeProductsSocketIO.js:13:38)"}
error: Error al crear el producto: Faltan campos {"stack":"Error: Faltan campos\n    at RealTimeProductsService.createProduct (file:///G:/3_PROGRAMACION/Z_CODING/CODERHOUSE/Programacion%20Backend/ENTREGAS/PROYECTO%20FINAL/ENTREGA%20PROYECTO%20FINAL/eCommerce-CODER-Ziegler/src/service/realTimeProductService.js:15:19)\n    at process.processTicksAndRejections (node:internal/process/task_queues:95:5)\n    at async Socket.<anonymous> (file:///G:/3_PROGRAMACION/Z_CODING/CODERHOUSE/Programacion%20Backend/ENTREGAS/PROYECTO%20FINAL/ENTREGA%20PROYECTO%20FINAL/eCommerce-CODER-Ziegler/src/utils/realTimeProductsSocketIO.js:13:38)"}
error: Error al crear el producto: Faltan campos {"stack":"Error: Faltan campos\n    at RealTimeProductsService.createProduct (file:///G:/3_PROGRAMACION/Z_CODING/CODERHOUSE/Programacion%20Backend/ENTREGAS/PROYECTO%20FINAL/ENTREGA%20PROYECTO%20FINAL/eCommerce-CODER-Ziegler/src/service/realTimeProductService.js:15:19)\n    at process.processTicksAndRejections (node:internal/process/task_queues:95:5)\n    at async Socket.<anonymous> (file:///G:/3_PROGRAMACION/Z_CODING/CODERHOUSE/Programacion%20Backend/ENTREGAS/PROYECTO%20FINAL/ENTREGA%20PROYECTO%20FINAL/eCommerce-CODER-Ziegler/src/utils/realTimeProductsSocketIO.js:13:38)"}
error: Error al crear el producto: Faltan campos {"stack":"Error: Faltan campos\n    at RealTimeProductsService.createProduct (file:///G:/3_PROGRAMACION/Z_CODING/CODERHOUSE/Programacion%20Backend/ENTREGAS/PROYECTO%20FINAL/ENTREGA%20PROYECTO%20FINAL/eCommerce-CODER-Ziegler/src/service/realTimeProductService.js:15:19)\n    at process.processTicksAndRejections (node:internal/process/task_queues:95:5)\n    at async Socket.<anonymous> (file:///G:/3_PROGRAMACION/Z_CODING/CODERHOUSE/Programacion%20Backend/ENTREGAS/PROYECTO%20FINAL/ENTREGA%20PROYECTO%20FINAL/eCommerce-CODER-Ziegler/src/utils/realTimeProductsSocketIO.js:14:38)"}
error: Error al crear el producto: Faltan campos {"stack":"Error: Faltan campos\n    at RealTimeProductsService.createProduct (file:///G:/3_PROGRAMACION/Z_CODING/CODERHOUSE/Programacion%20Backend/ENTREGAS/PROYECTO%20FINAL/ENTREGA%20PROYECTO%20FINAL/eCommerce-CODER-Ziegler/src/service/realTimeProductService.js:15:19)\n    at process.processTicksAndRejections (node:internal/process/task_queues:95:5)\n    at async Socket.<anonymous> (file:///G:/3_PROGRAMACION/Z_CODING/CODERHOUSE/Programacion%20Backend/ENTREGAS/PROYECTO%20FINAL/ENTREGA%20PROYECTO%20FINAL/eCommerce-CODER-Ziegler/src/utils/realTimeProductsSocketIO.js:14:38)"}
error: Error sin manejar: [object Promise] reason: TypeError: Cannot read properties of undefined (reading 'email')
error: Error al crear el producto: Faltan campos {"stack":"Error: Faltan campos\n    at RealTimeProductsService.createProduct (file:///G:/3_PROGRAMACION/Z_CODING/CODERHOUSE/Programacion%20Backend/ENTREGAS/PROYECTO%20FINAL/ENTREGA%20PROYECTO%20FINAL/eCommerce-CODER-Ziegler/src/service/realTimeProductService.js:15:19)\n    at process.processTicksAndRejections (node:internal/process/task_queues:95:5)\n    at async Socket.<anonymous> (file:///G:/3_PROGRAMACION/Z_CODING/CODERHOUSE/Programacion%20Backend/ENTREGAS/PROYECTO%20FINAL/ENTREGA%20PROYECTO%20FINAL/eCommerce-CODER-Ziegler/src/utils/realTimeProductsSocketIO.js:14:38)"}
error: Error al crear el producto: user is not defined {"stack":"ReferenceError: user is not defined\n    at Socket.<anonymous> (file:///G:/3_PROGRAMACION/Z_CODING/CODERHOUSE/Programacion%20Backend/ENTREGAS/PROYECTO%20FINAL/ENTREGA%20PROYECTO%20FINAL/eCommerce-CODER-Ziegler/src/utils/realTimeProductsSocketIO.js:23:21)\n    at Socket.emit (node:events:519:28)\n    at Socket.emitUntyped (G:\\3_PROGRAMACION\\Z_CODING\\CODERHOUSE\\Programacion Backend\\ENTREGAS\\PROYECTO FINAL\\ENTREGA PROYECTO FINAL\\eCommerce-CODER-Ziegler\\node_modules\\socket.io\\dist\\typed-events.js:69:22)\n    at G:\\3_PROGRAMACION\\Z_CODING\\CODERHOUSE\\Programacion Backend\\ENTREGAS\\PROYECTO FINAL\\ENTREGA PROYECTO FINAL\\eCommerce-CODER-Ziegler\\node_modules\\socket.io\\dist\\socket.js:704:39\n    at process.processTicksAndRejections (node:internal/process/task_queues:77:11)"}
error: Error al crear el producto: user is not defined {"stack":"ReferenceError: user is not defined\n    at Socket.<anonymous> (file:///G:/3_PROGRAMACION/Z_CODING/CODERHOUSE/Programacion%20Backend/ENTREGAS/PROYECTO%20FINAL/ENTREGA%20PROYECTO%20FINAL/eCommerce-CODER-Ziegler/src/utils/realTimeProductsSocketIO.js:23:21)\n    at Socket.emit (node:events:519:28)\n    at Socket.emitUntyped (G:\\3_PROGRAMACION\\Z_CODING\\CODERHOUSE\\Programacion Backend\\ENTREGAS\\PROYECTO FINAL\\ENTREGA PROYECTO FINAL\\eCommerce-CODER-Ziegler\\node_modules\\socket.io\\dist\\typed-events.js:69:22)\n    at G:\\3_PROGRAMACION\\Z_CODING\\CODERHOUSE\\Programacion Backend\\ENTREGAS\\PROYECTO FINAL\\ENTREGA PROYECTO FINAL\\eCommerce-CODER-Ziegler\\node_modules\\socket.io\\dist\\socket.js:704:39\n    at process.processTicksAndRejections (node:internal/process/task_queues:77:11)"}
error: Error al crear el producto: Faltan campos {"stack":"Error: Faltan campos\n    at RealTimeProductsService.createProduct (file:///G:/3_PROGRAMACION/Z_CODING/CODERHOUSE/Programacion%20Backend/ENTREGAS/PROYECTO%20FINAL/ENTREGA%20PROYECTO%20FINAL/eCommerce-CODER-Ziegler/src/service/realTimeProductService.js:15:19)\n    at process.processTicksAndRejections (node:internal/process/task_queues:95:5)\n    at async Socket.<anonymous> (file:///G:/3_PROGRAMACION/Z_CODING/CODERHOUSE/Programacion%20Backend/ENTREGAS/PROYECTO%20FINAL/ENTREGA%20PROYECTO%20FINAL/eCommerce-CODER-Ziegler/src/utils/realTimeProductsSocketIO.js:14:38)"}
error: Error al crear el producto: Faltan campos {"stack":"Error: Faltan campos\n    at RealTimeProductsService.createProduct (file:///G:/3_PROGRAMACION/Z_CODING/CODERHOUSE/Programacion%20Backend/ENTREGAS/PROYECTO%20FINAL/ENTREGA%20PROYECTO%20FINAL/eCommerce-CODER-Ziegler/src/service/realTimeProductService.js:15:19)\n    at process.processTicksAndRejections (node:internal/process/task_queues:95:5)\n    at async Socket.<anonymous> (file:///G:/3_PROGRAMACION/Z_CODING/CODERHOUSE/Programacion%20Backend/ENTREGAS/PROYECTO%20FINAL/ENTREGA%20PROYECTO%20FINAL/eCommerce-CODER-Ziegler/src/utils/realTimeProductsSocketIO.js:14:38)"}
error: Error al crear el producto: Faltan campos {"stack":"Error: Faltan campos\n    at RealTimeProductsService.createProduct (file:///G:/3_PROGRAMACION/Z_CODING/CODERHOUSE/Programacion%20Backend/ENTREGAS/PROYECTO%20FINAL/ENTREGA%20PROYECTO%20FINAL/eCommerce-CODER-Ziegler/src/service/realTimeProductService.js:15:19)\n    at process.processTicksAndRejections (node:internal/process/task_queues:95:5)\n    at async Socket.<anonymous> (file:///G:/3_PROGRAMACION/Z_CODING/CODERHOUSE/Programacion%20Backend/ENTREGAS/PROYECTO%20FINAL/ENTREGA%20PROYECTO%20FINAL/eCommerce-CODER-Ziegler/src/utils/realTimeProductsSocketIO.js:14:38)"}
error: Error al crear el producto: Faltan campos {"stack":"Error: Faltan campos\n    at RealTimeProductsService.createProduct (file:///G:/3_PROGRAMACION/Z_CODING/CODERHOUSE/Programacion%20Backend/ENTREGAS/PROYECTO%20FINAL/ENTREGA%20PROYECTO%20FINAL/eCommerce-CODER-Ziegler/src/service/realTimeProductService.js:15:19)\n    at process.processTicksAndRejections (node:internal/process/task_queues:95:5)\n    at async Socket.<anonymous> (file:///G:/3_PROGRAMACION/Z_CODING/CODERHOUSE/Programacion%20Backend/ENTREGAS/PROYECTO%20FINAL/ENTREGA%20PROYECTO%20FINAL/eCommerce-CODER-Ziegler/src/utils/realTimeProductsSocketIO.js:14:38)"}
error: Error al crear el producto: Faltan campos {"stack":"Error: Faltan campos\n    at RealTimeProductsService.createProduct (file:///G:/3_PROGRAMACION/Z_CODING/CODERHOUSE/Programacion%20Backend/ENTREGAS/PROYECTO%20FINAL/ENTREGA%20PROYECTO%20FINAL/eCommerce-CODER-Ziegler/src/service/realTimeProductService.js:15:19)\n    at process.processTicksAndRejections (node:internal/process/task_queues:95:5)\n    at async Socket.<anonymous> (file:///G:/3_PROGRAMACION/Z_CODING/CODERHOUSE/Programacion%20Backend/ENTREGAS/PROYECTO%20FINAL/ENTREGA%20PROYECTO%20FINAL/eCommerce-CODER-Ziegler/src/utils/realTimeProductsSocketIO.js:14:38)"}
error: Error al crear el producto: Faltan campos {"stack":"Error: Faltan campos\n    at RealTimeProductsService.createProduct (file:///G:/3_PROGRAMACION/Z_CODING/CODERHOUSE/Programacion%20Backend/ENTREGAS/PROYECTO%20FINAL/ENTREGA%20PROYECTO%20FINAL/eCommerce-CODER-Ziegler/src/service/realTimeProductService.js:15:19)\n    at process.processTicksAndRejections (node:internal/process/task_queues:95:5)\n    at async Socket.<anonymous> (file:///G:/3_PROGRAMACION/Z_CODING/CODERHOUSE/Programacion%20Backend/ENTREGAS/PROYECTO%20FINAL/ENTREGA%20PROYECTO%20FINAL/eCommerce-CODER-Ziegler/src/utils/realTimeProductsSocketIO.js:14:38)"}
error: Error al crear el producto: Faltan campos {"stack":"Error: Faltan campos\n    at RealTimeProductsService.createProduct (file:///G:/3_PROGRAMACION/Z_CODING/CODERHOUSE/Programacion%20Backend/ENTREGAS/PROYECTO%20FINAL/ENTREGA%20PROYECTO%20FINAL/eCommerce-CODER-Ziegler/src/service/realTimeProductService.js:15:19)\n    at process.processTicksAndRejections (node:internal/process/task_queues:95:5)\n    at async Socket.<anonymous> (file:///G:/3_PROGRAMACION/Z_CODING/CODERHOUSE/Programacion%20Backend/ENTREGAS/PROYECTO%20FINAL/ENTREGA%20PROYECTO%20FINAL/eCommerce-CODER-Ziegler/src/utils/realTimeProductsSocketIO.js:14:38)"}
error: Error al crear el producto: Faltan campos {"stack":"Error: Faltan campos\n    at RealTimeProductsService.createProduct (file:///G:/3_PROGRAMACION/Z_CODING/CODERHOUSE/Programacion%20Backend/ENTREGAS/PROYECTO%20FINAL/ENTREGA%20PROYECTO%20FINAL/eCommerce-CODER-Ziegler/src/service/realTimeProductService.js:16:19)\n    at process.processTicksAndRejections (node:internal/process/task_queues:95:5)\n    at async Socket.<anonymous> (file:///G:/3_PROGRAMACION/Z_CODING/CODERHOUSE/Programacion%20Backend/ENTREGAS/PROYECTO%20FINAL/ENTREGA%20PROYECTO%20FINAL/eCommerce-CODER-Ziegler/src/utils/realTimeProductsSocketIO.js:14:38)"}
error: Error al crear el producto: Faltan campos {"stack":"Error: Faltan campos\n    at RealTimeProductsService.createProduct (file:///G:/3_PROGRAMACION/Z_CODING/CODERHOUSE/Programacion%20Backend/ENTREGAS/PROYECTO%20FINAL/ENTREGA%20PROYECTO%20FINAL/eCommerce-CODER-Ziegler/src/service/realTimeProductService.js:17:19)\n    at process.processTicksAndRejections (node:internal/process/task_queues:95:5)\n    at async Socket.<anonymous> (file:///G:/3_PROGRAMACION/Z_CODING/CODERHOUSE/Programacion%20Backend/ENTREGAS/PROYECTO%20FINAL/ENTREGA%20PROYECTO%20FINAL/eCommerce-CODER-Ziegler/src/utils/realTimeProductsSocketIO.js:14:38)"}
error: Error al crear el producto: product is not defined {"stack":"ReferenceError: product is not defined\n    at RealTimeProductsService.createProduct (file:///G:/3_PROGRAMACION/Z_CODING/CODERHOUSE/Programacion%20Backend/ENTREGAS/PROYECTO%20FINAL/ENTREGA%20PROYECTO%20FINAL/eCommerce-CODER-Ziegler/src/service/realTimeProductService.js:15:34)\n    at process.processTicksAndRejections (node:internal/process/task_queues:95:5)\n    at async Socket.<anonymous> (file:///G:/3_PROGRAMACION/Z_CODING/CODERHOUSE/Programacion%20Backend/ENTREGAS/PROYECTO%20FINAL/ENTREGA%20PROYECTO%20FINAL/eCommerce-CODER-Ziegler/src/utils/realTimeProductsSocketIO.js:14:38)"}
error: Error al crear el producto: product is not defined {"stack":"ReferenceError: product is not defined\n    at RealTimeProductsService.createProduct (file:///G:/3_PROGRAMACION/Z_CODING/CODERHOUSE/Programacion%20Backend/ENTREGAS/PROYECTO%20FINAL/ENTREGA%20PROYECTO%20FINAL/eCommerce-CODER-Ziegler/src/service/realTimeProductService.js:15:34)\n    at process.processTicksAndRejections (node:internal/process/task_queues:95:5)\n    at async Socket.<anonymous> (file:///G:/3_PROGRAMACION/Z_CODING/CODERHOUSE/Programacion%20Backend/ENTREGAS/PROYECTO%20FINAL/ENTREGA%20PROYECTO%20FINAL/eCommerce-CODER-Ziegler/src/utils/realTimeProductsSocketIO.js:14:38)"}
error: Error al crear el producto: E11000 duplicate key error collection: ecommerce.products index: code_1 dup key: { code: "Código Prueba 01" } {"code":11000,"errorResponse":{"code":11000,"errmsg":"E11000 duplicate key error collection: ecommerce.products index: code_1 dup key: { code: \"Código Prueba 01\" }","index":0,"keyPattern":{"code":1},"keyValue":{"code":"Código Prueba 01"}},"index":0,"keyPattern":{"code":1},"keyValue":{"code":"Código Prueba 01"},"stack":"MongoServerError: E11000 duplicate key error collection: ecommerce.products index: code_1 dup key: { code: \"Código Prueba 01\" }\n    at InsertOneOperation.execute (G:\\3_PROGRAMACION\\Z_CODING\\CODERHOUSE\\Programacion Backend\\ENTREGAS\\PROYECTO FINAL\\ENTREGA PROYECTO FINAL\\eCommerce-CODER-Ziegler\\node_modules\\mongodb\\lib\\operations\\insert.js:51:19)\n    at process.processTicksAndRejections (node:internal/process/task_queues:95:5)\n    at async executeOperation (G:\\3_PROGRAMACION\\Z_CODING\\CODERHOUSE\\Programacion Backend\\ENTREGAS\\PROYECTO FINAL\\ENTREGA PROYECTO FINAL\\eCommerce-CODER-Ziegler\\node_modules\\mongodb\\lib\\operations\\execute_operation.js:126:16)"}
error: Error al crear el producto: E11000 duplicate key error collection: ecommerce.products index: code_1 dup key: { code: "Código Prueba 01" } {"code":11000,"errorResponse":{"code":11000,"errmsg":"E11000 duplicate key error collection: ecommerce.products index: code_1 dup key: { code: \"Código Prueba 01\" }","index":0,"keyPattern":{"code":1},"keyValue":{"code":"Código Prueba 01"}},"index":0,"keyPattern":{"code":1},"keyValue":{"code":"Código Prueba 01"},"stack":"MongoServerError: E11000 duplicate key error collection: ecommerce.products index: code_1 dup key: { code: \"Código Prueba 01\" }\n    at InsertOneOperation.execute (G:\\3_PROGRAMACION\\Z_CODING\\CODERHOUSE\\Programacion Backend\\ENTREGAS\\PROYECTO FINAL\\ENTREGA PROYECTO FINAL\\eCommerce-CODER-Ziegler\\node_modules\\mongodb\\lib\\operations\\insert.js:51:19)\n    at process.processTicksAndRejections (node:internal/process/task_queues:95:5)\n    at async executeOperation (G:\\3_PROGRAMACION\\Z_CODING\\CODERHOUSE\\Programacion Backend\\ENTREGAS\\PROYECTO FINAL\\ENTREGA PROYECTO FINAL\\eCommerce-CODER-Ziegler\\node_modules\\mongodb\\lib\\operations\\execute_operation.js:126:16)"}
error: Error al crear el producto: E11000 duplicate key error collection: ecommerce.products index: code_1 dup key: { code: "Código Prueba 01" } {"code":11000,"errorResponse":{"code":11000,"errmsg":"E11000 duplicate key error collection: ecommerce.products index: code_1 dup key: { code: \"Código Prueba 01\" }","index":0,"keyPattern":{"code":1},"keyValue":{"code":"Código Prueba 01"}},"index":0,"keyPattern":{"code":1},"keyValue":{"code":"Código Prueba 01"},"stack":"MongoServerError: E11000 duplicate key error collection: ecommerce.products index: code_1 dup key: { code: \"Código Prueba 01\" }\n    at InsertOneOperation.execute (G:\\3_PROGRAMACION\\Z_CODING\\CODERHOUSE\\Programacion Backend\\ENTREGAS\\PROYECTO FINAL\\ENTREGA PROYECTO FINAL\\eCommerce-CODER-Ziegler\\node_modules\\mongodb\\lib\\operations\\insert.js:51:19)\n    at process.processTicksAndRejections (node:internal/process/task_queues:95:5)\n    at async executeOperation (G:\\3_PROGRAMACION\\Z_CODING\\CODERHOUSE\\Programacion Backend\\ENTREGAS\\PROYECTO FINAL\\ENTREGA PROYECTO FINAL\\eCommerce-CODER-Ziegler\\node_modules\\mongodb\\lib\\operations\\execute_operation.js:126:16)"}
error: Error al crear el producto: E11000 duplicate key error collection: ecommerce.products index: code_1 dup key: { code: "Código Prueba 01" } {"code":11000,"errorResponse":{"code":11000,"errmsg":"E11000 duplicate key error collection: ecommerce.products index: code_1 dup key: { code: \"Código Prueba 01\" }","index":0,"keyPattern":{"code":1},"keyValue":{"code":"Código Prueba 01"}},"index":0,"keyPattern":{"code":1},"keyValue":{"code":"Código Prueba 01"},"stack":"MongoServerError: E11000 duplicate key error collection: ecommerce.products index: code_1 dup key: { code: \"Código Prueba 01\" }\n    at InsertOneOperation.execute (G:\\3_PROGRAMACION\\Z_CODING\\CODERHOUSE\\Programacion Backend\\ENTREGAS\\PROYECTO FINAL\\ENTREGA PROYECTO FINAL\\eCommerce-CODER-Ziegler\\node_modules\\mongodb\\lib\\operations\\insert.js:51:19)\n    at process.processTicksAndRejections (node:internal/process/task_queues:95:5)\n    at async executeOperation (G:\\3_PROGRAMACION\\Z_CODING\\CODERHOUSE\\Programacion Backend\\ENTREGAS\\PROYECTO FINAL\\ENTREGA PROYECTO FINAL\\eCommerce-CODER-Ziegler\\node_modules\\mongodb\\lib\\operations\\execute_operation.js:126:16)"}
error: Error al crear el producto: E11000 duplicate key error collection: ecommerce.products index: code_1 dup key: { code: "Código Prueba 01" } {"code":11000,"errorResponse":{"code":11000,"errmsg":"E11000 duplicate key error collection: ecommerce.products index: code_1 dup key: { code: \"Código Prueba 01\" }","index":0,"keyPattern":{"code":1},"keyValue":{"code":"Código Prueba 01"}},"index":0,"keyPattern":{"code":1},"keyValue":{"code":"Código Prueba 01"},"stack":"MongoServerError: E11000 duplicate key error collection: ecommerce.products index: code_1 dup key: { code: \"Código Prueba 01\" }\n    at InsertOneOperation.execute (G:\\3_PROGRAMACION\\Z_CODING\\CODERHOUSE\\Programacion Backend\\ENTREGAS\\PROYECTO FINAL\\ENTREGA PROYECTO FINAL\\eCommerce-CODER-Ziegler\\node_modules\\mongodb\\lib\\operations\\insert.js:51:19)\n    at process.processTicksAndRejections (node:internal/process/task_queues:95:5)\n    at async executeOperation (G:\\3_PROGRAMACION\\Z_CODING\\CODERHOUSE\\Programacion Backend\\ENTREGAS\\PROYECTO FINAL\\ENTREGA PROYECTO FINAL\\eCommerce-CODER-Ziegler\\node_modules\\mongodb\\lib\\operations\\execute_operation.js:126:16)"}
error: Error al crear el producto: Cannot read properties of undefined (reading 'role') {"stack":"TypeError: Cannot read properties of undefined (reading 'role')\n    at RealTimeProductsService.createProduct (file:///G:/3_PROGRAMACION/Z_CODING/CODERHOUSE/Programacion%20Backend/ENTREGAS/PROYECTO%20FINAL/ENTREGA%20PROYECTO%20FINAL/eCommerce-CODER-Ziegler/src/service/realTimeProductService.js:26:33)\n    at process.processTicksAndRejections (node:internal/process/task_queues:95:5)\n    at async Socket.<anonymous> (file:///G:/3_PROGRAMACION/Z_CODING/CODERHOUSE/Programacion%20Backend/ENTREGAS/PROYECTO%20FINAL/ENTREGA%20PROYECTO%20FINAL/eCommerce-CODER-Ziegler/src/utils/realTimeProductsSocketIO.js:13:38)"}
error: Error al crear el producto: Cannot read properties of undefined (reading 'role') {"stack":"TypeError: Cannot read properties of undefined (reading 'role')\n    at RealTimeProductsService.createProduct (file:///G:/3_PROGRAMACION/Z_CODING/CODERHOUSE/Programacion%20Backend/ENTREGAS/PROYECTO%20FINAL/ENTREGA%20PROYECTO%20FINAL/eCommerce-CODER-Ziegler/src/service/realTimeProductService.js:26:33)\n    at process.processTicksAndRejections (node:internal/process/task_queues:95:5)\n    at async Socket.<anonymous> (file:///G:/3_PROGRAMACION/Z_CODING/CODERHOUSE/Programacion%20Backend/ENTREGAS/PROYECTO%20FINAL/ENTREGA%20PROYECTO%20FINAL/eCommerce-CODER-Ziegler/src/utils/realTimeProductsSocketIO.js:13:38)"}
error: No existe el ticket: Error: ¡Error! No existe el ticket con {"code":"DVLZHBQS"}
error: No existe el ticket: Error: ¡Error! No existe el ticket con {"code":"RZUC5U8B"}
error: No existe el ticket: Error: ¡Error! No existe el ticket con {"code":"KBVMH6WV"}
error: No existe el ticket: Error: ¡Error! No existe el ticket con {"tid":"asd@mail.com"}
error: No existe el ticket: ObjectParameterError: Parameter "filter" to find() must be an object, got "asd@mail.com" (type string)
error: Error: Error al crear el usuario, campos faltantes o inválidos
error: Causa: Propiedades del usuario ingresado incompletas o no válidas.
    Propiedades requeridas:
    * email:        REQUERIDO - Tiene que ser un string, se recibió --> Zieglering
    * password:     REQUERIDO - Tiene que ser un string, se recibió --> 
    
error: Error: Error al crear el usuario, campos faltantes o inválidos
error: Causa: Propiedades del usuario ingresado incompletas o no válidas.
    Propiedades requeridas:
    * email:        REQUERIDO - Tiene que ser un string, se recibió --> "Zieglering"
    * password:     REQUERIDO - Tiene que ser un string, se recibió --> 
    
error: Error: Error al crear el usuario, campos faltantes o inválidos
error: Causa: Propiedades del usuario ingresado incompletas o no válidas.
    Propiedades requeridas:
    * email:        REQUERIDO - Tiene que ser un string, se recibió --> Zieglering@github.com
    * password:     REQUERIDO - Tiene que ser un string, se recibió --> 
    
error: Error al intentar loguearse: Email y password son requeridos {"stack":"Error: Email y password son requeridos\n    at Object.loginUser (file:///G:/3_PROGRAMACION/Z_CODING/CODERHOUSE/Programacion%20Backend/ENTREGAS/PROYECTO%20FINAL/ENTREGA%20PROYECTO%20FINAL/eCommerce-CODER-Ziegler/src/service/sessionsService.js:31:36)\n    at loginUser (file:///G:/3_PROGRAMACION/Z_CODING/CODERHOUSE/Programacion%20Backend/ENTREGAS/PROYECTO%20FINAL/ENTREGA%20PROYECTO%20FINAL/eCommerce-CODER-Ziegler/src/controller/sessionsController.js:30:53)\n    at Layer.handle [as handle_request] (G:\\3_PROGRAMACION\\Z_CODING\\CODERHOUSE\\Programacion Backend\\ENTREGAS\\PROYECTO FINAL\\ENTREGA PROYECTO FINAL\\eCommerce-CODER-Ziegler\\node_modules\\express\\lib\\router\\layer.js:95:5)\n    at next (G:\\3_PROGRAMACION\\Z_CODING\\CODERHOUSE\\Programacion Backend\\ENTREGAS\\PROYECTO FINAL\\ENTREGA PROYECTO FINAL\\eCommerce-CODER-Ziegler\\node_modules\\express\\lib\\router\\route.js:149:13)\n    at file:///G:/3_PROGRAMACION/Z_CODING/CODERHOUSE/Programacion%20Backend/ENTREGAS/PROYECTO%20FINAL/ENTREGA%20PROYECTO%20FINAL/eCommerce-CODER-Ziegler/src/utils/passportCall.js:9:24\n    at allFailed (G:\\3_PROGRAMACION\\Z_CODING\\CODERHOUSE\\Programacion Backend\\ENTREGAS\\PROYECTO FINAL\\ENTREGA PROYECTO FINAL\\eCommerce-CODER-Ziegler\\node_modules\\passport\\lib\\middleware\\authenticate.js:110:18)\n    at attempt (G:\\3_PROGRAMACION\\Z_CODING\\CODERHOUSE\\Programacion Backend\\ENTREGAS\\PROYECTO FINAL\\ENTREGA PROYECTO FINAL\\eCommerce-CODER-Ziegler\\node_modules\\passport\\lib\\middleware\\authenticate.js:183:28)\n    at strategy.fail (G:\\3_PROGRAMACION\\Z_CODING\\CODERHOUSE\\Programacion Backend\\ENTREGAS\\PROYECTO FINAL\\ENTREGA PROYECTO FINAL\\eCommerce-CODER-Ziegler\\node_modules\\passport\\lib\\middleware\\authenticate.js:314:9)\n    at JwtStrategy.authenticate (G:\\3_PROGRAMACION\\Z_CODING\\CODERHOUSE\\Programacion Backend\\ENTREGAS\\PROYECTO FINAL\\ENTREGA PROYECTO FINAL\\eCommerce-CODER-Ziegler\\node_modules\\passport-jwt\\lib\\strategy.js:96:21)\n    at attempt (G:\\3_PROGRAMACION\\Z_CODING\\CODERHOUSE\\Programacion Backend\\ENTREGAS\\PROYECTO FINAL\\ENTREGA PROYECTO FINAL\\eCommerce-CODER-Ziegler\\node_modules\\passport\\lib\\middleware\\authenticate.js:378:16)"}
error: Error al intentar loguearse: Email y password son requeridos {"stack":"Error: Email y password son requeridos\n    at Object.loginUser (file:///G:/3_PROGRAMACION/Z_CODING/CODERHOUSE/Programacion%20Backend/ENTREGAS/PROYECTO%20FINAL/ENTREGA%20PROYECTO%20FINAL/eCommerce-CODER-Ziegler/src/service/sessionsService.js:31:36)\n    at loginUser (file:///G:/3_PROGRAMACION/Z_CODING/CODERHOUSE/Programacion%20Backend/ENTREGAS/PROYECTO%20FINAL/ENTREGA%20PROYECTO%20FINAL/eCommerce-CODER-Ziegler/src/controller/sessionsController.js:30:53)\n    at Layer.handle [as handle_request] (G:\\3_PROGRAMACION\\Z_CODING\\CODERHOUSE\\Programacion Backend\\ENTREGAS\\PROYECTO FINAL\\ENTREGA PROYECTO FINAL\\eCommerce-CODER-Ziegler\\node_modules\\express\\lib\\router\\layer.js:95:5)\n    at next (G:\\3_PROGRAMACION\\Z_CODING\\CODERHOUSE\\Programacion Backend\\ENTREGAS\\PROYECTO FINAL\\ENTREGA PROYECTO FINAL\\eCommerce-CODER-Ziegler\\node_modules\\express\\lib\\router\\route.js:149:13)\n    at file:///G:/3_PROGRAMACION/Z_CODING/CODERHOUSE/Programacion%20Backend/ENTREGAS/PROYECTO%20FINAL/ENTREGA%20PROYECTO%20FINAL/eCommerce-CODER-Ziegler/src/utils/passportCall.js:9:24\n    at allFailed (G:\\3_PROGRAMACION\\Z_CODING\\CODERHOUSE\\Programacion Backend\\ENTREGAS\\PROYECTO FINAL\\ENTREGA PROYECTO FINAL\\eCommerce-CODER-Ziegler\\node_modules\\passport\\lib\\middleware\\authenticate.js:110:18)\n    at attempt (G:\\3_PROGRAMACION\\Z_CODING\\CODERHOUSE\\Programacion Backend\\ENTREGAS\\PROYECTO FINAL\\ENTREGA PROYECTO FINAL\\eCommerce-CODER-Ziegler\\node_modules\\passport\\lib\\middleware\\authenticate.js:183:28)\n    at strategy.fail (G:\\3_PROGRAMACION\\Z_CODING\\CODERHOUSE\\Programacion Backend\\ENTREGAS\\PROYECTO FINAL\\ENTREGA PROYECTO FINAL\\eCommerce-CODER-Ziegler\\node_modules\\passport\\lib\\middleware\\authenticate.js:314:9)\n    at JwtStrategy.authenticate (G:\\3_PROGRAMACION\\Z_CODING\\CODERHOUSE\\Programacion Backend\\ENTREGAS\\PROYECTO FINAL\\ENTREGA PROYECTO FINAL\\eCommerce-CODER-Ziegler\\node_modules\\passport-jwt\\lib\\strategy.js:96:21)\n    at attempt (G:\\3_PROGRAMACION\\Z_CODING\\CODERHOUSE\\Programacion Backend\\ENTREGAS\\PROYECTO FINAL\\ENTREGA PROYECTO FINAL\\eCommerce-CODER-Ziegler\\node_modules\\passport\\lib\\middleware\\authenticate.js:378:16)"}
error: Error al intentar loguearse: Email y password son requeridos {"stack":"Error: Email y password son requeridos\n    at Object.loginUser (file:///G:/3_PROGRAMACION/Z_CODING/CODERHOUSE/Programacion%20Backend/ENTREGAS/PROYECTO%20FINAL/ENTREGA%20PROYECTO%20FINAL/eCommerce-CODER-Ziegler/src/service/sessionsService.js:31:36)\n    at loginUser (file:///G:/3_PROGRAMACION/Z_CODING/CODERHOUSE/Programacion%20Backend/ENTREGAS/PROYECTO%20FINAL/ENTREGA%20PROYECTO%20FINAL/eCommerce-CODER-Ziegler/src/controller/sessionsController.js:30:53)\n    at Layer.handle [as handle_request] (G:\\3_PROGRAMACION\\Z_CODING\\CODERHOUSE\\Programacion Backend\\ENTREGAS\\PROYECTO FINAL\\ENTREGA PROYECTO FINAL\\eCommerce-CODER-Ziegler\\node_modules\\express\\lib\\router\\layer.js:95:5)\n    at next (G:\\3_PROGRAMACION\\Z_CODING\\CODERHOUSE\\Programacion Backend\\ENTREGAS\\PROYECTO FINAL\\ENTREGA PROYECTO FINAL\\eCommerce-CODER-Ziegler\\node_modules\\express\\lib\\router\\route.js:149:13)\n    at file:///G:/3_PROGRAMACION/Z_CODING/CODERHOUSE/Programacion%20Backend/ENTREGAS/PROYECTO%20FINAL/ENTREGA%20PROYECTO%20FINAL/eCommerce-CODER-Ziegler/src/utils/passportCall.js:9:24\n    at allFailed (G:\\3_PROGRAMACION\\Z_CODING\\CODERHOUSE\\Programacion Backend\\ENTREGAS\\PROYECTO FINAL\\ENTREGA PROYECTO FINAL\\eCommerce-CODER-Ziegler\\node_modules\\passport\\lib\\middleware\\authenticate.js:110:18)\n    at attempt (G:\\3_PROGRAMACION\\Z_CODING\\CODERHOUSE\\Programacion Backend\\ENTREGAS\\PROYECTO FINAL\\ENTREGA PROYECTO FINAL\\eCommerce-CODER-Ziegler\\node_modules\\passport\\lib\\middleware\\authenticate.js:183:28)\n    at strategy.fail (G:\\3_PROGRAMACION\\Z_CODING\\CODERHOUSE\\Programacion Backend\\ENTREGAS\\PROYECTO FINAL\\ENTREGA PROYECTO FINAL\\eCommerce-CODER-Ziegler\\node_modules\\passport\\lib\\middleware\\authenticate.js:314:9)\n    at JwtStrategy.authenticate (G:\\3_PROGRAMACION\\Z_CODING\\CODERHOUSE\\Programacion Backend\\ENTREGAS\\PROYECTO FINAL\\ENTREGA PROYECTO FINAL\\eCommerce-CODER-Ziegler\\node_modules\\passport-jwt\\lib\\strategy.js:96:21)\n    at attempt (G:\\3_PROGRAMACION\\Z_CODING\\CODERHOUSE\\Programacion Backend\\ENTREGAS\\PROYECTO FINAL\\ENTREGA PROYECTO FINAL\\eCommerce-CODER-Ziegler\\node_modules\\passport\\lib\\middleware\\authenticate.js:378:16)"}
error: Error sin manejar: [object Promise] reason: ReferenceError: product is not defined
error: Error sin manejar: [object Promise] reason: ReferenceError: product is not defined
error: Error sin manejar: [object Promise] reason: ReferenceError: product is not defined
error: Error sin manejar: [object Promise] reason: ReferenceError: product is not defined
error: Error sin manejar: [object Promise] reason: ReferenceError: product is not defined
error: Error sin manejar: [object Promise] reason: ReferenceError: product is not defined
error: Error sin manejar: [object Promise] reason: ReferenceError: product is not defined
error: Error sin manejar: [object Promise] reason: ReferenceError: product is not defined
error: Error sin manejar: [object Promise] reason: ReferenceError: product is not defined
error: Error borrando el producto: this.getBy is not a function {"stack":"TypeError: this.getBy is not a function\n    at RealTimeProductsService.deleteProduct (file:///G:/3_PROGRAMACION/Z_CODING/CODERHOUSE/Programacion%20Backend/ENTREGAS/PROYECTO%20FINAL/ENTREGA%20PROYECTO%20FINAL/eCommerce-CODER-Ziegler/src/service/realTimeProductService.js:95:36)\n    at Socket.<anonymous> (file:///G:/3_PROGRAMACION/Z_CODING/CODERHOUSE/Programacion%20Backend/ENTREGAS/PROYECTO%20FINAL/ENTREGA%20PROYECTO%20FINAL/eCommerce-CODER-Ziegler/src/utils/realTimeProductsSocketIO.js:44:47)\n    at Socket.emit (node:events:519:28)\n    at Socket.emitUntyped (G:\\3_PROGRAMACION\\Z_CODING\\CODERHOUSE\\Programacion Backend\\ENTREGAS\\PROYECTO FINAL\\ENTREGA PROYECTO FINAL\\eCommerce-CODER-Ziegler\\node_modules\\socket.io\\dist\\typed-events.js:69:22)\n    at G:\\3_PROGRAMACION\\Z_CODING\\CODERHOUSE\\Programacion Backend\\ENTREGAS\\PROYECTO FINAL\\ENTREGA PROYECTO FINAL\\eCommerce-CODER-Ziegler\\node_modules\\socket.io\\dist\\socket.js:704:39\n    at process.processTicksAndRejections (node:internal/process/task_queues:77:11)"}
error: Error borrando el producto: this.productRepository.getProductsBy is not a function {"stack":"TypeError: this.productRepository.getProductsBy is not a function\n    at RealTimeProductsService.deleteProduct (file:///G:/3_PROGRAMACION/Z_CODING/CODERHOUSE/Programacion%20Backend/ENTREGAS/PROYECTO%20FINAL/ENTREGA%20PROYECTO%20FINAL/eCommerce-CODER-Ziegler/src/service/realTimeProductService.js:95:54)\n    at Socket.<anonymous> (file:///G:/3_PROGRAMACION/Z_CODING/CODERHOUSE/Programacion%20Backend/ENTREGAS/PROYECTO%20FINAL/ENTREGA%20PROYECTO%20FINAL/eCommerce-CODER-Ziegler/src/utils/realTimeProductsSocketIO.js:44:47)\n    at Socket.emit (node:events:519:28)\n    at Socket.emitUntyped (G:\\3_PROGRAMACION\\Z_CODING\\CODERHOUSE\\Programacion Backend\\ENTREGAS\\PROYECTO FINAL\\ENTREGA PROYECTO FINAL\\eCommerce-CODER-Ziegler\\node_modules\\socket.io\\dist\\typed-events.js:69:22)\n    at G:\\3_PROGRAMACION\\Z_CODING\\CODERHOUSE\\Programacion Backend\\ENTREGAS\\PROYECTO FINAL\\ENTREGA PROYECTO FINAL\\eCommerce-CODER-Ziegler\\node_modules\\socket.io\\dist\\socket.js:704:39\n    at process.processTicksAndRejections (node:internal/process/task_queues:77:11)"}
error: Error borrando el producto: Cast to ObjectId failed for value "" (type string) at path "_id" for model "products" {"kind":"ObjectId","path":"_id","reason":{},"stack":"CastError: Cast to ObjectId failed for value \"\" (type string) at path \"_id\" for model \"products\"\n    at SchemaObjectId.cast (G:\\3_PROGRAMACION\\Z_CODING\\CODERHOUSE\\Programacion Backend\\ENTREGAS\\PROYECTO FINAL\\ENTREGA PROYECTO FINAL\\eCommerce-CODER-Ziegler\\node_modules\\mongoose\\lib\\schema\\objectId.js:250:11)\n    at SchemaType.applySetters (G:\\3_PROGRAMACION\\Z_CODING\\CODERHOUSE\\Programacion Backend\\ENTREGAS\\PROYECTO FINAL\\ENTREGA PROYECTO FINAL\\eCommerce-CODER-Ziegler\\node_modules\\mongoose\\lib\\schemaType.js:1236:12)\n    at SchemaType.castForQuery (G:\\3_PROGRAMACION\\Z_CODING\\CODERHOUSE\\Programacion Backend\\ENTREGAS\\PROYECTO FINAL\\ENTREGA PROYECTO FINAL\\eCommerce-CODER-Ziegler\\node_modules\\mongoose\\lib\\schemaType.js:1653:17)\n    at cast (G:\\3_PROGRAMACION\\Z_CODING\\CODERHOUSE\\Programacion Backend\\ENTREGAS\\PROYECTO FINAL\\ENTREGA PROYECTO FINAL\\eCommerce-CODER-Ziegler\\node_modules\\mongoose\\lib\\cast.js:375:32)\n    at Query.cast (G:\\3_PROGRAMACION\\Z_CODING\\CODERHOUSE\\Programacion Backend\\ENTREGAS\\PROYECTO FINAL\\ENTREGA PROYECTO FINAL\\eCommerce-CODER-Ziegler\\node_modules\\mongoose\\lib\\query.js:4786:12)\n    at Query._castConditions (G:\\3_PROGRAMACION\\Z_CODING\\CODERHOUSE\\Programacion Backend\\ENTREGAS\\PROYECTO FINAL\\ENTREGA PROYECTO FINAL\\eCommerce-CODER-Ziegler\\node_modules\\mongoose\\lib\\query.js:2199:10)\n    at model.Query._findOne (G:\\3_PROGRAMACION\\Z_CODING\\CODERHOUSE\\Programacion Backend\\ENTREGAS\\PROYECTO FINAL\\ENTREGA PROYECTO FINAL\\eCommerce-CODER-Ziegler\\node_modules\\mongoose\\lib\\query.js:2513:8)\n    at model.Query.exec (G:\\3_PROGRAMACION\\Z_CODING\\CODERHOUSE\\Programacion Backend\\ENTREGAS\\PROYECTO FINAL\\ENTREGA PROYECTO FINAL\\eCommerce-CODER-Ziegler\\node_modules\\mongoose\\lib\\query.js:4330:80)\n    at process.processTicksAndRejections (node:internal/process/task_queues:95:5)\n    at async RealTimeProductsDaoMongo.getBy (file:///G:/3_PROGRAMACION/Z_CODING/CODERHOUSE/Programacion%20Backend/ENTREGAS/PROYECTO%20FINAL/ENTREGA%20PROYECTO%20FINAL/eCommerce-CODER-Ziegler/src/daos/MONGO/realTimeProductsDaoMongo.js:25:16)","stringValue":"\"\"","value":"","valueType":"string"}
error: Error borrando el producto: Cast to ObjectId failed for value "" (type string) at path "_id" for model "products" {"kind":"ObjectId","path":"_id","reason":{},"stack":"CastError: Cast to ObjectId failed for value \"\" (type string) at path \"_id\" for model \"products\"\n    at SchemaObjectId.cast (G:\\3_PROGRAMACION\\Z_CODING\\CODERHOUSE\\Programacion Backend\\ENTREGAS\\PROYECTO FINAL\\ENTREGA PROYECTO FINAL\\eCommerce-CODER-Ziegler\\node_modules\\mongoose\\lib\\schema\\objectId.js:250:11)\n    at SchemaType.applySetters (G:\\3_PROGRAMACION\\Z_CODING\\CODERHOUSE\\Programacion Backend\\ENTREGAS\\PROYECTO FINAL\\ENTREGA PROYECTO FINAL\\eCommerce-CODER-Ziegler\\node_modules\\mongoose\\lib\\schemaType.js:1236:12)\n    at SchemaType.castForQuery (G:\\3_PROGRAMACION\\Z_CODING\\CODERHOUSE\\Programacion Backend\\ENTREGAS\\PROYECTO FINAL\\ENTREGA PROYECTO FINAL\\eCommerce-CODER-Ziegler\\node_modules\\mongoose\\lib\\schemaType.js:1653:17)\n    at cast (G:\\3_PROGRAMACION\\Z_CODING\\CODERHOUSE\\Programacion Backend\\ENTREGAS\\PROYECTO FINAL\\ENTREGA PROYECTO FINAL\\eCommerce-CODER-Ziegler\\node_modules\\mongoose\\lib\\cast.js:375:32)\n    at Query.cast (G:\\3_PROGRAMACION\\Z_CODING\\CODERHOUSE\\Programacion Backend\\ENTREGAS\\PROYECTO FINAL\\ENTREGA PROYECTO FINAL\\eCommerce-CODER-Ziegler\\node_modules\\mongoose\\lib\\query.js:4786:12)\n    at Query._castConditions (G:\\3_PROGRAMACION\\Z_CODING\\CODERHOUSE\\Programacion Backend\\ENTREGAS\\PROYECTO FINAL\\ENTREGA PROYECTO FINAL\\eCommerce-CODER-Ziegler\\node_modules\\mongoose\\lib\\query.js:2199:10)\n    at model.Query._findOneAndDelete (G:\\3_PROGRAMACION\\Z_CODING\\CODERHOUSE\\Programacion Backend\\ENTREGAS\\PROYECTO FINAL\\ENTREGA PROYECTO FINAL\\eCommerce-CODER-Ziegler\\node_modules\\mongoose\\lib\\query.js:3421:8)\n    at model.Query.exec (G:\\3_PROGRAMACION\\Z_CODING\\CODERHOUSE\\Programacion Backend\\ENTREGAS\\PROYECTO FINAL\\ENTREGA PROYECTO FINAL\\eCommerce-CODER-Ziegler\\node_modules\\mongoose\\lib\\query.js:4330:80)\n    at process.processTicksAndRejections (node:internal/process/task_queues:95:5)\n    at async RealTimeProductsDaoMongo.delete (file:///G:/3_PROGRAMACION/Z_CODING/CODERHOUSE/Programacion%20Backend/ENTREGAS/PROYECTO%20FINAL/ENTREGA%20PROYECTO%20FINAL/eCommerce-CODER-Ziegler/src/daos/MONGO/realTimeProductsDaoMongo.js:33:16)","stringValue":"\"\"","value":"","valueType":"string"}
error: Error borrando el producto: this.productRepository.getproductBy is not a function {"stack":"TypeError: this.productRepository.getproductBy is not a function\n    at RealTimeProductsService.getProductBy (file:///G:/3_PROGRAMACION/Z_CODING/CODERHOUSE/Programacion%20Backend/ENTREGAS/PROYECTO%20FINAL/ENTREGA%20PROYECTO%20FINAL/eCommerce-CODER-Ziegler/src/service/realTimeProductService.js:77:54)\n    at RealTimeProductsService.deleteProduct (file:///G:/3_PROGRAMACION/Z_CODING/CODERHOUSE/Programacion%20Backend/ENTREGAS/PROYECTO%20FINAL/ENTREGA%20PROYECTO%20FINAL/eCommerce-CODER-Ziegler/src/service/realTimeProductService.js:95:43)\n    at Socket.<anonymous> (file:///G:/3_PROGRAMACION/Z_CODING/CODERHOUSE/Programacion%20Backend/ENTREGAS/PROYECTO%20FINAL/ENTREGA%20PROYECTO%20FINAL/eCommerce-CODER-Ziegler/src/utils/realTimeProductsSocketIO.js:44:47)\n    at Socket.emit (node:events:519:28)\n    at Socket.emitUntyped (G:\\3_PROGRAMACION\\Z_CODING\\CODERHOUSE\\Programacion Backend\\ENTREGAS\\PROYECTO FINAL\\ENTREGA PROYECTO FINAL\\eCommerce-CODER-Ziegler\\node_modules\\socket.io\\dist\\typed-events.js:69:22)\n    at G:\\3_PROGRAMACION\\Z_CODING\\CODERHOUSE\\Programacion Backend\\ENTREGAS\\PROYECTO FINAL\\ENTREGA PROYECTO FINAL\\eCommerce-CODER-Ziegler\\node_modules\\socket.io\\dist\\socket.js:704:39\n    at process.processTicksAndRejections (node:internal/process/task_queues:77:11)"}
error: Error borrando el producto: Cast to ObjectId failed for value "" (type string) at path "_id" for model "products" {"kind":"ObjectId","path":"_id","reason":{},"stack":"CastError: Cast to ObjectId failed for value \"\" (type string) at path \"_id\" for model \"products\"\n    at SchemaObjectId.cast (G:\\3_PROGRAMACION\\Z_CODING\\CODERHOUSE\\Programacion Backend\\ENTREGAS\\PROYECTO FINAL\\ENTREGA PROYECTO FINAL\\eCommerce-CODER-Ziegler\\node_modules\\mongoose\\lib\\schema\\objectId.js:250:11)\n    at SchemaType.applySetters (G:\\3_PROGRAMACION\\Z_CODING\\CODERHOUSE\\Programacion Backend\\ENTREGAS\\PROYECTO FINAL\\ENTREGA PROYECTO FINAL\\eCommerce-CODER-Ziegler\\node_modules\\mongoose\\lib\\schemaType.js:1236:12)\n    at SchemaType.castForQuery (G:\\3_PROGRAMACION\\Z_CODING\\CODERHOUSE\\Programacion Backend\\ENTREGAS\\PROYECTO FINAL\\ENTREGA PROYECTO FINAL\\eCommerce-CODER-Ziegler\\node_modules\\mongoose\\lib\\schemaType.js:1653:17)\n    at cast (G:\\3_PROGRAMACION\\Z_CODING\\CODERHOUSE\\Programacion Backend\\ENTREGAS\\PROYECTO FINAL\\ENTREGA PROYECTO FINAL\\eCommerce-CODER-Ziegler\\node_modules\\mongoose\\lib\\cast.js:375:32)\n    at Query.cast (G:\\3_PROGRAMACION\\Z_CODING\\CODERHOUSE\\Programacion Backend\\ENTREGAS\\PROYECTO FINAL\\ENTREGA PROYECTO FINAL\\eCommerce-CODER-Ziegler\\node_modules\\mongoose\\lib\\query.js:4786:12)\n    at Query._castConditions (G:\\3_PROGRAMACION\\Z_CODING\\CODERHOUSE\\Programacion Backend\\ENTREGAS\\PROYECTO FINAL\\ENTREGA PROYECTO FINAL\\eCommerce-CODER-Ziegler\\node_modules\\mongoose\\lib\\query.js:2199:10)\n    at model.Query._findOne (G:\\3_PROGRAMACION\\Z_CODING\\CODERHOUSE\\Programacion Backend\\ENTREGAS\\PROYECTO FINAL\\ENTREGA PROYECTO FINAL\\eCommerce-CODER-Ziegler\\node_modules\\mongoose\\lib\\query.js:2513:8)\n    at model.Query.exec (G:\\3_PROGRAMACION\\Z_CODING\\CODERHOUSE\\Programacion Backend\\ENTREGAS\\PROYECTO FINAL\\ENTREGA PROYECTO FINAL\\eCommerce-CODER-Ziegler\\node_modules\\mongoose\\lib\\query.js:4330:80)\n    at process.processTicksAndRejections (node:internal/process/task_queues:95:5)\n    at async RealTimeProductsDaoMongo.getBy (file:///G:/3_PROGRAMACION/Z_CODING/CODERHOUSE/Programacion%20Backend/ENTREGAS/PROYECTO%20FINAL/ENTREGA%20PROYECTO%20FINAL/eCommerce-CODER-Ziegler/src/daos/MONGO/realTimeProductsDaoMongo.js:25:16)","stringValue":"\"\"","value":"","valueType":"string"}
error: Error borrando el producto: Cast to ObjectId failed for value "" (type string) at path "_id" for model "products" {"kind":"ObjectId","path":"_id","reason":{},"stack":"CastError: Cast to ObjectId failed for value \"\" (type string) at path \"_id\" for model \"products\"\n    at SchemaObjectId.cast (G:\\3_PROGRAMACION\\Z_CODING\\CODERHOUSE\\Programacion Backend\\ENTREGAS\\PROYECTO FINAL\\ENTREGA PROYECTO FINAL\\eCommerce-CODER-Ziegler\\node_modules\\mongoose\\lib\\schema\\objectId.js:250:11)\n    at SchemaType.applySetters (G:\\3_PROGRAMACION\\Z_CODING\\CODERHOUSE\\Programacion Backend\\ENTREGAS\\PROYECTO FINAL\\ENTREGA PROYECTO FINAL\\eCommerce-CODER-Ziegler\\node_modules\\mongoose\\lib\\schemaType.js:1236:12)\n    at SchemaType.castForQuery (G:\\3_PROGRAMACION\\Z_CODING\\CODERHOUSE\\Programacion Backend\\ENTREGAS\\PROYECTO FINAL\\ENTREGA PROYECTO FINAL\\eCommerce-CODER-Ziegler\\node_modules\\mongoose\\lib\\schemaType.js:1653:17)\n    at cast (G:\\3_PROGRAMACION\\Z_CODING\\CODERHOUSE\\Programacion Backend\\ENTREGAS\\PROYECTO FINAL\\ENTREGA PROYECTO FINAL\\eCommerce-CODER-Ziegler\\node_modules\\mongoose\\lib\\cast.js:375:32)\n    at Query.cast (G:\\3_PROGRAMACION\\Z_CODING\\CODERHOUSE\\Programacion Backend\\ENTREGAS\\PROYECTO FINAL\\ENTREGA PROYECTO FINAL\\eCommerce-CODER-Ziegler\\node_modules\\mongoose\\lib\\query.js:4786:12)\n    at Query._castConditions (G:\\3_PROGRAMACION\\Z_CODING\\CODERHOUSE\\Programacion Backend\\ENTREGAS\\PROYECTO FINAL\\ENTREGA PROYECTO FINAL\\eCommerce-CODER-Ziegler\\node_modules\\mongoose\\lib\\query.js:2199:10)\n    at model.Query._findOne (G:\\3_PROGRAMACION\\Z_CODING\\CODERHOUSE\\Programacion Backend\\ENTREGAS\\PROYECTO FINAL\\ENTREGA PROYECTO FINAL\\eCommerce-CODER-Ziegler\\node_modules\\mongoose\\lib\\query.js:2513:8)\n    at model.Query.exec (G:\\3_PROGRAMACION\\Z_CODING\\CODERHOUSE\\Programacion Backend\\ENTREGAS\\PROYECTO FINAL\\ENTREGA PROYECTO FINAL\\eCommerce-CODER-Ziegler\\node_modules\\mongoose\\lib\\query.js:4330:80)\n    at process.processTicksAndRejections (node:internal/process/task_queues:95:5)\n    at async RealTimeProductsDaoMongo.getBy (file:///G:/3_PROGRAMACION/Z_CODING/CODERHOUSE/Programacion%20Backend/ENTREGAS/PROYECTO%20FINAL/ENTREGA%20PROYECTO%20FINAL/eCommerce-CODER-Ziegler/src/daos/MONGO/realTimeProductsDaoMongo.js:25:16)","stringValue":"\"\"","value":"","valueType":"string"}
error: Error sin manejar: [object Promise] reason: TypeError: Cannot read properties of undefined (reading 'getProducts')
error: Error sin manejar: [object Promise] reason: TypeError: Cannot read properties of undefined (reading 'getProducts')
error: Error actualizando el producto: Cast to ObjectId failed for value "" (type string) at path "_id" for model "products" {"kind":"ObjectId","path":"_id","reason":{},"stack":"CastError: Cast to ObjectId failed for value \"\" (type string) at path \"_id\" for model \"products\"\n    at SchemaObjectId.cast (G:\\3_PROGRAMACION\\Z_CODING\\CODERHOUSE\\Programacion Backend\\ENTREGAS\\PROYECTO FINAL\\ENTREGA PROYECTO FINAL\\eCommerce-CODER-Ziegler\\node_modules\\mongoose\\lib\\schema\\objectId.js:250:11)\n    at SchemaType.applySetters (G:\\3_PROGRAMACION\\Z_CODING\\CODERHOUSE\\Programacion Backend\\ENTREGAS\\PROYECTO FINAL\\ENTREGA PROYECTO FINAL\\eCommerce-CODER-Ziegler\\node_modules\\mongoose\\lib\\schemaType.js:1236:12)\n    at SchemaType.castForQuery (G:\\3_PROGRAMACION\\Z_CODING\\CODERHOUSE\\Programacion Backend\\ENTREGAS\\PROYECTO FINAL\\ENTREGA PROYECTO FINAL\\eCommerce-CODER-Ziegler\\node_modules\\mongoose\\lib\\schemaType.js:1653:17)\n    at cast (G:\\3_PROGRAMACION\\Z_CODING\\CODERHOUSE\\Programacion Backend\\ENTREGAS\\PROYECTO FINAL\\ENTREGA PROYECTO FINAL\\eCommerce-CODER-Ziegler\\node_modules\\mongoose\\lib\\cast.js:375:32)\n    at Query.cast (G:\\3_PROGRAMACION\\Z_CODING\\CODERHOUSE\\Programacion Backend\\ENTREGAS\\PROYECTO FINAL\\ENTREGA PROYECTO FINAL\\eCommerce-CODER-Ziegler\\node_modules\\mongoose\\lib\\query.js:4786:12)\n    at Query._castConditions (G:\\3_PROGRAMACION\\Z_CODING\\CODERHOUSE\\Programacion Backend\\ENTREGAS\\PROYECTO FINAL\\ENTREGA PROYECTO FINAL\\eCommerce-CODER-Ziegler\\node_modules\\mongoose\\lib\\query.js:2199:10)\n    at model.Query._findOne (G:\\3_PROGRAMACION\\Z_CODING\\CODERHOUSE\\Programacion Backend\\ENTREGAS\\PROYECTO FINAL\\ENTREGA PROYECTO FINAL\\eCommerce-CODER-Ziegler\\node_modules\\mongoose\\lib\\query.js:2513:8)\n    at model.Query.exec (G:\\3_PROGRAMACION\\Z_CODING\\CODERHOUSE\\Programacion Backend\\ENTREGAS\\PROYECTO FINAL\\ENTREGA PROYECTO FINAL\\eCommerce-CODER-Ziegler\\node_modules\\mongoose\\lib\\query.js:4330:80)\n    at process.processTicksAndRejections (node:internal/process/task_queues:95:5)\n    at async RealTimeProductsDaoMongo.getBy (file:///G:/3_PROGRAMACION/Z_CODING/CODERHOUSE/Programacion%20Backend/ENTREGAS/PROYECTO%20FINAL/ENTREGA%20PROYECTO%20FINAL/eCommerce-CODER-Ziegler/src/daos/MONGO/realTimeProductsDaoMongo.js:25:16)","stringValue":"\"\"","value":"","valueType":"string"}
error: Error sin manejar: [object Promise] reason: TypeError: this.productRepository.getProducts is not a function
error: Error actualizando el producto: Cast to ObjectId failed for value "" (type string) at path "_id" for model "products" {"kind":"ObjectId","path":"_id","reason":{},"stack":"CastError: Cast to ObjectId failed for value \"\" (type string) at path \"_id\" for model \"products\"\n    at SchemaObjectId.cast (G:\\3_PROGRAMACION\\Z_CODING\\CODERHOUSE\\Programacion Backend\\ENTREGAS\\PROYECTO FINAL\\ENTREGA PROYECTO FINAL\\eCommerce-CODER-Ziegler\\node_modules\\mongoose\\lib\\schema\\objectId.js:250:11)\n    at SchemaType.applySetters (G:\\3_PROGRAMACION\\Z_CODING\\CODERHOUSE\\Programacion Backend\\ENTREGAS\\PROYECTO FINAL\\ENTREGA PROYECTO FINAL\\eCommerce-CODER-Ziegler\\node_modules\\mongoose\\lib\\schemaType.js:1236:12)\n    at SchemaType.castForQuery (G:\\3_PROGRAMACION\\Z_CODING\\CODERHOUSE\\Programacion Backend\\ENTREGAS\\PROYECTO FINAL\\ENTREGA PROYECTO FINAL\\eCommerce-CODER-Ziegler\\node_modules\\mongoose\\lib\\schemaType.js:1653:17)\n    at cast (G:\\3_PROGRAMACION\\Z_CODING\\CODERHOUSE\\Programacion Backend\\ENTREGAS\\PROYECTO FINAL\\ENTREGA PROYECTO FINAL\\eCommerce-CODER-Ziegler\\node_modules\\mongoose\\lib\\cast.js:375:32)\n    at Query.cast (G:\\3_PROGRAMACION\\Z_CODING\\CODERHOUSE\\Programacion Backend\\ENTREGAS\\PROYECTO FINAL\\ENTREGA PROYECTO FINAL\\eCommerce-CODER-Ziegler\\node_modules\\mongoose\\lib\\query.js:4786:12)\n    at Query._castConditions (G:\\3_PROGRAMACION\\Z_CODING\\CODERHOUSE\\Programacion Backend\\ENTREGAS\\PROYECTO FINAL\\ENTREGA PROYECTO FINAL\\eCommerce-CODER-Ziegler\\node_modules\\mongoose\\lib\\query.js:2199:10)\n    at model.Query._findOne (G:\\3_PROGRAMACION\\Z_CODING\\CODERHOUSE\\Programacion Backend\\ENTREGAS\\PROYECTO FINAL\\ENTREGA PROYECTO FINAL\\eCommerce-CODER-Ziegler\\node_modules\\mongoose\\lib\\query.js:2513:8)\n    at model.Query.exec (G:\\3_PROGRAMACION\\Z_CODING\\CODERHOUSE\\Programacion Backend\\ENTREGAS\\PROYECTO FINAL\\ENTREGA PROYECTO FINAL\\eCommerce-CODER-Ziegler\\node_modules\\mongoose\\lib\\query.js:4330:80)\n    at process.processTicksAndRejections (node:internal/process/task_queues:95:5)\n    at async ProductsDaoMongo.getBy (file:///G:/3_PROGRAMACION/Z_CODING/CODERHOUSE/Programacion%20Backend/ENTREGAS/PROYECTO%20FINAL/ENTREGA%20PROYECTO%20FINAL/eCommerce-CODER-Ziegler/src/daos/MONGO/productsDaoMongo.js:25:16)","stringValue":"\"\"","value":"","valueType":"string"}
error: Error actualizando el producto: Cast to ObjectId failed for value "" (type string) at path "_id" for model "products" {"kind":"ObjectId","path":"_id","reason":{},"stack":"CastError: Cast to ObjectId failed for value \"\" (type string) at path \"_id\" for model \"products\"\n    at SchemaObjectId.cast (G:\\3_PROGRAMACION\\Z_CODING\\CODERHOUSE\\Programacion Backend\\ENTREGAS\\PROYECTO FINAL\\ENTREGA PROYECTO FINAL\\eCommerce-CODER-Ziegler\\node_modules\\mongoose\\lib\\schema\\objectId.js:250:11)\n    at SchemaType.applySetters (G:\\3_PROGRAMACION\\Z_CODING\\CODERHOUSE\\Programacion Backend\\ENTREGAS\\PROYECTO FINAL\\ENTREGA PROYECTO FINAL\\eCommerce-CODER-Ziegler\\node_modules\\mongoose\\lib\\schemaType.js:1236:12)\n    at SchemaType.castForQuery (G:\\3_PROGRAMACION\\Z_CODING\\CODERHOUSE\\Programacion Backend\\ENTREGAS\\PROYECTO FINAL\\ENTREGA PROYECTO FINAL\\eCommerce-CODER-Ziegler\\node_modules\\mongoose\\lib\\schemaType.js:1653:17)\n    at cast (G:\\3_PROGRAMACION\\Z_CODING\\CODERHOUSE\\Programacion Backend\\ENTREGAS\\PROYECTO FINAL\\ENTREGA PROYECTO FINAL\\eCommerce-CODER-Ziegler\\node_modules\\mongoose\\lib\\cast.js:375:32)\n    at Query.cast (G:\\3_PROGRAMACION\\Z_CODING\\CODERHOUSE\\Programacion Backend\\ENTREGAS\\PROYECTO FINAL\\ENTREGA PROYECTO FINAL\\eCommerce-CODER-Ziegler\\node_modules\\mongoose\\lib\\query.js:4786:12)\n    at Query._castConditions (G:\\3_PROGRAMACION\\Z_CODING\\CODERHOUSE\\Programacion Backend\\ENTREGAS\\PROYECTO FINAL\\ENTREGA PROYECTO FINAL\\eCommerce-CODER-Ziegler\\node_modules\\mongoose\\lib\\query.js:2199:10)\n    at model.Query._findOne (G:\\3_PROGRAMACION\\Z_CODING\\CODERHOUSE\\Programacion Backend\\ENTREGAS\\PROYECTO FINAL\\ENTREGA PROYECTO FINAL\\eCommerce-CODER-Ziegler\\node_modules\\mongoose\\lib\\query.js:2513:8)\n    at model.Query.exec (G:\\3_PROGRAMACION\\Z_CODING\\CODERHOUSE\\Programacion Backend\\ENTREGAS\\PROYECTO FINAL\\ENTREGA PROYECTO FINAL\\eCommerce-CODER-Ziegler\\node_modules\\mongoose\\lib\\query.js:4330:80)\n    at process.processTicksAndRejections (node:internal/process/task_queues:95:5)\n    at async ProductsDaoMongo.getBy (file:///G:/3_PROGRAMACION/Z_CODING/CODERHOUSE/Programacion%20Backend/ENTREGAS/PROYECTO%20FINAL/ENTREGA%20PROYECTO%20FINAL/eCommerce-CODER-Ziegler/src/daos/MONGO/productsDaoMongo.js:25:16)","stringValue":"\"\"","value":"","valueType":"string"}
error: Error actualizando el producto: productId is not defined {"stack":"ReferenceError: productId is not defined\n    at RealTimeProductsService.updateProduct (file:///G:/3_PROGRAMACION/Z_CODING/CODERHOUSE/Programacion%20Backend/ENTREGAS/PROYECTO%20FINAL/ENTREGA%20PROYECTO%20FINAL/eCommerce-CODER-Ziegler/src/service/realTimeProductService.js:85:59)\n    at Socket.<anonymous> (file:///G:/3_PROGRAMACION/Z_CODING/CODERHOUSE/Programacion%20Backend/ENTREGAS/PROYECTO%20FINAL/ENTREGA%20PROYECTO%20FINAL/eCommerce-CODER-Ziegler/src/utils/realTimeProductsSocketIO.js:35:47)\n    at Socket.emit (node:events:519:28)\n    at Socket.emitUntyped (G:\\3_PROGRAMACION\\Z_CODING\\CODERHOUSE\\Programacion Backend\\ENTREGAS\\PROYECTO FINAL\\ENTREGA PROYECTO FINAL\\eCommerce-CODER-Ziegler\\node_modules\\socket.io\\dist\\typed-events.js:69:22)\n    at G:\\3_PROGRAMACION\\Z_CODING\\CODERHOUSE\\Programacion Backend\\ENTREGAS\\PROYECTO FINAL\\ENTREGA PROYECTO FINAL\\eCommerce-CODER-Ziegler\\node_modules\\socket.io\\dist\\socket.js:704:39\n    at process.processTicksAndRejections (node:internal/process/task_queues:77:11)"}
error: Error actualizando el producto: Cast to ObjectId failed for value "" (type string) at path "_id" for model "products" {"kind":"ObjectId","path":"_id","reason":{},"stack":"CastError: Cast to ObjectId failed for value \"\" (type string) at path \"_id\" for model \"products\"\n    at SchemaObjectId.cast (G:\\3_PROGRAMACION\\Z_CODING\\CODERHOUSE\\Programacion Backend\\ENTREGAS\\PROYECTO FINAL\\ENTREGA PROYECTO FINAL\\eCommerce-CODER-Ziegler\\node_modules\\mongoose\\lib\\schema\\objectId.js:250:11)\n    at SchemaType.applySetters (G:\\3_PROGRAMACION\\Z_CODING\\CODERHOUSE\\Programacion Backend\\ENTREGAS\\PROYECTO FINAL\\ENTREGA PROYECTO FINAL\\eCommerce-CODER-Ziegler\\node_modules\\mongoose\\lib\\schemaType.js:1236:12)\n    at SchemaType.castForQuery (G:\\3_PROGRAMACION\\Z_CODING\\CODERHOUSE\\Programacion Backend\\ENTREGAS\\PROYECTO FINAL\\ENTREGA PROYECTO FINAL\\eCommerce-CODER-Ziegler\\node_modules\\mongoose\\lib\\schemaType.js:1653:17)\n    at cast (G:\\3_PROGRAMACION\\Z_CODING\\CODERHOUSE\\Programacion Backend\\ENTREGAS\\PROYECTO FINAL\\ENTREGA PROYECTO FINAL\\eCommerce-CODER-Ziegler\\node_modules\\mongoose\\lib\\cast.js:375:32)\n    at Query.cast (G:\\3_PROGRAMACION\\Z_CODING\\CODERHOUSE\\Programacion Backend\\ENTREGAS\\PROYECTO FINAL\\ENTREGA PROYECTO FINAL\\eCommerce-CODER-Ziegler\\node_modules\\mongoose\\lib\\query.js:4786:12)\n    at Query._castConditions (G:\\3_PROGRAMACION\\Z_CODING\\CODERHOUSE\\Programacion Backend\\ENTREGAS\\PROYECTO FINAL\\ENTREGA PROYECTO FINAL\\eCommerce-CODER-Ziegler\\node_modules\\mongoose\\lib\\query.js:2199:10)\n    at model.Query._findOneAndUpdate (G:\\3_PROGRAMACION\\Z_CODING\\CODERHOUSE\\Programacion Backend\\ENTREGAS\\PROYECTO FINAL\\ENTREGA PROYECTO FINAL\\eCommerce-CODER-Ziegler\\node_modules\\mongoose\\lib\\query.js:3280:8)\n    at model.Query.exec (G:\\3_PROGRAMACION\\Z_CODING\\CODERHOUSE\\Programacion Backend\\ENTREGAS\\PROYECTO FINAL\\ENTREGA PROYECTO FINAL\\eCommerce-CODER-Ziegler\\node_modules\\mongoose\\lib\\query.js:4330:80)\n    at process.processTicksAndRejections (node:internal/process/task_queues:95:5)\n    at async ProductsDaoMongo.update (file:///G:/3_PROGRAMACION/Z_CODING/CODERHOUSE/Programacion%20Backend/ENTREGAS/PROYECTO%20FINAL/ENTREGA%20PROYECTO%20FINAL/eCommerce-CODER-Ziegler/src/daos/MONGO/productsDaoMongo.js:29:16)","stringValue":"\"\"","value":"","valueType":"string"}
error: Error actualizando el producto: Cast to ObjectId failed for value "" (type string) at path "_id" for model "products" {"kind":"ObjectId","path":"_id","reason":{},"stack":"CastError: Cast to ObjectId failed for value \"\" (type string) at path \"_id\" for model \"products\"\n    at SchemaObjectId.cast (G:\\3_PROGRAMACION\\Z_CODING\\CODERHOUSE\\Programacion Backend\\ENTREGAS\\PROYECTO FINAL\\ENTREGA PROYECTO FINAL\\eCommerce-CODER-Ziegler\\node_modules\\mongoose\\lib\\schema\\objectId.js:250:11)\n    at SchemaType.applySetters (G:\\3_PROGRAMACION\\Z_CODING\\CODERHOUSE\\Programacion Backend\\ENTREGAS\\PROYECTO FINAL\\ENTREGA PROYECTO FINAL\\eCommerce-CODER-Ziegler\\node_modules\\mongoose\\lib\\schemaType.js:1236:12)\n    at SchemaType.castForQuery (G:\\3_PROGRAMACION\\Z_CODING\\CODERHOUSE\\Programacion Backend\\ENTREGAS\\PROYECTO FINAL\\ENTREGA PROYECTO FINAL\\eCommerce-CODER-Ziegler\\node_modules\\mongoose\\lib\\schemaType.js:1653:17)\n    at cast (G:\\3_PROGRAMACION\\Z_CODING\\CODERHOUSE\\Programacion Backend\\ENTREGAS\\PROYECTO FINAL\\ENTREGA PROYECTO FINAL\\eCommerce-CODER-Ziegler\\node_modules\\mongoose\\lib\\cast.js:375:32)\n    at Query.cast (G:\\3_PROGRAMACION\\Z_CODING\\CODERHOUSE\\Programacion Backend\\ENTREGAS\\PROYECTO FINAL\\ENTREGA PROYECTO FINAL\\eCommerce-CODER-Ziegler\\node_modules\\mongoose\\lib\\query.js:4786:12)\n    at Query._castConditions (G:\\3_PROGRAMACION\\Z_CODING\\CODERHOUSE\\Programacion Backend\\ENTREGAS\\PROYECTO FINAL\\ENTREGA PROYECTO FINAL\\eCommerce-CODER-Ziegler\\node_modules\\mongoose\\lib\\query.js:2199:10)\n    at model.Query._findOneAndUpdate (G:\\3_PROGRAMACION\\Z_CODING\\CODERHOUSE\\Programacion Backend\\ENTREGAS\\PROYECTO FINAL\\ENTREGA PROYECTO FINAL\\eCommerce-CODER-Ziegler\\node_modules\\mongoose\\lib\\query.js:3280:8)\n    at model.Query.exec (G:\\3_PROGRAMACION\\Z_CODING\\CODERHOUSE\\Programacion Backend\\ENTREGAS\\PROYECTO FINAL\\ENTREGA PROYECTO FINAL\\eCommerce-CODER-Ziegler\\node_modules\\mongoose\\lib\\query.js:4330:80)\n    at process.processTicksAndRejections (node:internal/process/task_queues:95:5)\n    at async ProductsDaoMongo.update (file:///G:/3_PROGRAMACION/Z_CODING/CODERHOUSE/Programacion%20Backend/ENTREGAS/PROYECTO%20FINAL/ENTREGA%20PROYECTO%20FINAL/eCommerce-CODER-Ziegler/src/daos/MONGO/productsDaoMongo.js:29:16)","stringValue":"\"\"","value":"","valueType":"string"}
error: Error actualizando el producto: Cast to ObjectId failed for value "" (type string) at path "_id" for model "products" {"kind":"ObjectId","path":"_id","reason":{},"stack":"CastError: Cast to ObjectId failed for value \"\" (type string) at path \"_id\" for model \"products\"\n    at SchemaObjectId.cast (G:\\3_PROGRAMACION\\Z_CODING\\CODERHOUSE\\Programacion Backend\\ENTREGAS\\PROYECTO FINAL\\ENTREGA PROYECTO FINAL\\eCommerce-CODER-Ziegler\\node_modules\\mongoose\\lib\\schema\\objectId.js:250:11)\n    at SchemaType.applySetters (G:\\3_PROGRAMACION\\Z_CODING\\CODERHOUSE\\Programacion Backend\\ENTREGAS\\PROYECTO FINAL\\ENTREGA PROYECTO FINAL\\eCommerce-CODER-Ziegler\\node_modules\\mongoose\\lib\\schemaType.js:1236:12)\n    at SchemaType.castForQuery (G:\\3_PROGRAMACION\\Z_CODING\\CODERHOUSE\\Programacion Backend\\ENTREGAS\\PROYECTO FINAL\\ENTREGA PROYECTO FINAL\\eCommerce-CODER-Ziegler\\node_modules\\mongoose\\lib\\schemaType.js:1653:17)\n    at cast (G:\\3_PROGRAMACION\\Z_CODING\\CODERHOUSE\\Programacion Backend\\ENTREGAS\\PROYECTO FINAL\\ENTREGA PROYECTO FINAL\\eCommerce-CODER-Ziegler\\node_modules\\mongoose\\lib\\cast.js:375:32)\n    at Query.cast (G:\\3_PROGRAMACION\\Z_CODING\\CODERHOUSE\\Programacion Backend\\ENTREGAS\\PROYECTO FINAL\\ENTREGA PROYECTO FINAL\\eCommerce-CODER-Ziegler\\node_modules\\mongoose\\lib\\query.js:4786:12)\n    at Query._castConditions (G:\\3_PROGRAMACION\\Z_CODING\\CODERHOUSE\\Programacion Backend\\ENTREGAS\\PROYECTO FINAL\\ENTREGA PROYECTO FINAL\\eCommerce-CODER-Ziegler\\node_modules\\mongoose\\lib\\query.js:2199:10)\n    at model.Query._findOneAndUpdate (G:\\3_PROGRAMACION\\Z_CODING\\CODERHOUSE\\Programacion Backend\\ENTREGAS\\PROYECTO FINAL\\ENTREGA PROYECTO FINAL\\eCommerce-CODER-Ziegler\\node_modules\\mongoose\\lib\\query.js:3280:8)\n    at model.Query.exec (G:\\3_PROGRAMACION\\Z_CODING\\CODERHOUSE\\Programacion Backend\\ENTREGAS\\PROYECTO FINAL\\ENTREGA PROYECTO FINAL\\eCommerce-CODER-Ziegler\\node_modules\\mongoose\\lib\\query.js:4330:80)\n    at process.processTicksAndRejections (node:internal/process/task_queues:95:5)\n    at async ProductsDaoMongo.update (file:///G:/3_PROGRAMACION/Z_CODING/CODERHOUSE/Programacion%20Backend/ENTREGAS/PROYECTO%20FINAL/ENTREGA%20PROYECTO%20FINAL/eCommerce-CODER-Ziegler/src/daos/MONGO/productsDaoMongo.js:29:16)","stringValue":"\"\"","value":"","valueType":"string"}
error: Error borrando el producto: Cast to ObjectId failed for value "" (type string) at path "_id" for model "products" {"kind":"ObjectId","path":"_id","reason":{},"stack":"CastError: Cast to ObjectId failed for value \"\" (type string) at path \"_id\" for model \"products\"\n    at SchemaObjectId.cast (G:\\3_PROGRAMACION\\Z_CODING\\CODERHOUSE\\Programacion Backend\\ENTREGAS\\PROYECTO FINAL\\ENTREGA PROYECTO FINAL\\eCommerce-CODER-Ziegler\\node_modules\\mongoose\\lib\\schema\\objectId.js:250:11)\n    at SchemaType.applySetters (G:\\3_PROGRAMACION\\Z_CODING\\CODERHOUSE\\Programacion Backend\\ENTREGAS\\PROYECTO FINAL\\ENTREGA PROYECTO FINAL\\eCommerce-CODER-Ziegler\\node_modules\\mongoose\\lib\\schemaType.js:1236:12)\n    at SchemaType.castForQuery (G:\\3_PROGRAMACION\\Z_CODING\\CODERHOUSE\\Programacion Backend\\ENTREGAS\\PROYECTO FINAL\\ENTREGA PROYECTO FINAL\\eCommerce-CODER-Ziegler\\node_modules\\mongoose\\lib\\schemaType.js:1653:17)\n    at cast (G:\\3_PROGRAMACION\\Z_CODING\\CODERHOUSE\\Programacion Backend\\ENTREGAS\\PROYECTO FINAL\\ENTREGA PROYECTO FINAL\\eCommerce-CODER-Ziegler\\node_modules\\mongoose\\lib\\cast.js:375:32)\n    at Query.cast (G:\\3_PROGRAMACION\\Z_CODING\\CODERHOUSE\\Programacion Backend\\ENTREGAS\\PROYECTO FINAL\\ENTREGA PROYECTO FINAL\\eCommerce-CODER-Ziegler\\node_modules\\mongoose\\lib\\query.js:4786:12)\n    at Query._castConditions (G:\\3_PROGRAMACION\\Z_CODING\\CODERHOUSE\\Programacion Backend\\ENTREGAS\\PROYECTO FINAL\\ENTREGA PROYECTO FINAL\\eCommerce-CODER-Ziegler\\node_modules\\mongoose\\lib\\query.js:2199:10)\n    at model.Query._findOne (G:\\3_PROGRAMACION\\Z_CODING\\CODERHOUSE\\Programacion Backend\\ENTREGAS\\PROYECTO FINAL\\ENTREGA PROYECTO FINAL\\eCommerce-CODER-Ziegler\\node_modules\\mongoose\\lib\\query.js:2513:8)\n    at model.Query.exec (G:\\3_PROGRAMACION\\Z_CODING\\CODERHOUSE\\Programacion Backend\\ENTREGAS\\PROYECTO FINAL\\ENTREGA PROYECTO FINAL\\eCommerce-CODER-Ziegler\\node_modules\\mongoose\\lib\\query.js:4330:80)\n    at process.processTicksAndRejections (node:internal/process/task_queues:95:5)\n    at async ProductsDaoMongo.getBy (file:///G:/3_PROGRAMACION/Z_CODING/CODERHOUSE/Programacion%20Backend/ENTREGAS/PROYECTO%20FINAL/ENTREGA%20PROYECTO%20FINAL/eCommerce-CODER-Ziegler/src/daos/MONGO/productsDaoMongo.js:25:16)","stringValue":"\"\"","value":"","valueType":"string"}
error: Error borrando el producto: sendEmailMessage is not defined {"stack":"ReferenceError: sendEmailMessage is not defined\n    at RealTimeProductsService.deleteProduct (file:///G:/3_PROGRAMACION/Z_CODING/CODERHOUSE/Programacion%20Backend/ENTREGAS/PROYECTO%20FINAL/ENTREGA%20PROYECTO%20FINAL/eCommerce-CODER-Ziegler/src/service/realTimeProductService.js:95:13)\n    at process.processTicksAndRejections (node:internal/process/task_queues:95:5)\n    at async Socket.<anonymous> (file:///G:/3_PROGRAMACION/Z_CODING/CODERHOUSE/Programacion%20Backend/ENTREGAS/PROYECTO%20FINAL/ENTREGA%20PROYECTO%20FINAL/eCommerce-CODER-Ziegler/src/utils/realTimeProductsSocketIO.js:44:17)"}
